<?xml version="1.0" encoding="UTF-8"?>
<coverage generated="1689074926945" clover="3.2.0">
  <project timestamp="1689074926945" name="All files">
    <metrics statements="320" coveredstatements="122" conditionals="93" coveredconditionals="11" methods="78" coveredmethods="22" elements="491" coveredelements="155" complexity="0" loc="320" ncloc="320" packages="3" files="11" classes="11"/>
    <package name="lib">
      <metrics statements="200" coveredstatements="71" conditionals="67" coveredconditionals="8" methods="41" coveredmethods="12"/>
      <file name="SchemaFrom.tsx" path="D:\学习资料\typeScript\vue3-ts-components\lib\SchemaFrom.tsx">
        <metrics statements="11" coveredstatements="11" conditionals="0" coveredconditionals="0" methods="3" coveredmethods="3"/>
        <line num="1" count="2" type="stmt"/>
        <line num="3" count="2" type="stmt"/>
        <line num="4" count="2" type="stmt"/>
        <line num="5" count="2" type="stmt"/>
        <line num="21" count="4" type="stmt"/>
        <line num="22" count="4" type="stmt"/>
        <line num="23" count="4" type="stmt"/>
        <line num="24" count="4" type="stmt"/>
        <line num="25" count="4" type="stmt"/>
        <line num="27" count="4" type="stmt"/>
        <line num="37" count="2" type="stmt"/>
      </file>
      <file name="context.ts" path="D:\学习资料\typeScript\vue3-ts-components\lib\context.ts">
        <metrics statements="5" coveredstatements="4" conditionals="0" coveredconditionals="0" methods="1" coveredmethods="1"/>
        <line num="1" count="2" type="stmt"/>
        <line num="4" count="2" type="stmt"/>
        <line num="8" count="6" type="stmt"/>
        <line num="11" count="0" type="stmt"/>
        <line num="14" count="6" type="stmt"/>
      </file>
      <file name="index.ts" path="D:\学习资料\typeScript\vue3-ts-components\lib\index.ts">
        <metrics statements="4" coveredstatements="4" conditionals="0" coveredconditionals="0" methods="0" coveredmethods="0"/>
        <line num="1" count="2" type="stmt"/>
        <line num="2" count="2" type="stmt"/>
        <line num="3" count="2" type="stmt"/>
        <line num="4" count="2" type="stmt"/>
      </file>
      <file name="schemaItem.tsx" path="D:\学习资料\typeScript\vue3-ts-components\lib\schemaItem.tsx">
        <metrics statements="27" coveredstatements="24" conditionals="0" coveredconditionals="0" methods="3" coveredmethods="3"/>
        <line num="1" count="2" type="stmt"/>
        <line num="3" count="2" type="stmt"/>
        <line num="5" count="2" type="stmt"/>
        <line num="6" count="2" type="stmt"/>
        <line num="7" count="2" type="stmt"/>
        <line num="8" count="2" type="stmt"/>
        <line num="10" count="2" type="stmt"/>
        <line num="11" count="2" type="stmt"/>
        <line num="15" count="10" type="stmt"/>
        <line num="16" count="10" type="stmt"/>
        <line num="17" count="13" type="stmt"/>
        <line num="18" count="13" type="stmt"/>
        <line num="20" count="10" type="stmt"/>
        <line num="21" count="16" type="stmt"/>
        <line num="22" count="16" type="stmt"/>
        <line num="24" count="16" type="stmt"/>
        <line num="28" count="6" type="stmt"/>
        <line num="29" count="6" type="stmt"/>
        <line num="32" count="7" type="stmt"/>
        <line num="33" count="7" type="stmt"/>
        <line num="36" count="3" type="stmt"/>
        <line num="37" count="3" type="stmt"/>
        <line num="40" count="0" type="stmt"/>
        <line num="41" count="0" type="stmt"/>
        <line num="44" count="0" type="stmt"/>
        <line num="48" count="16" type="stmt"/>
        <line num="51" count="2" type="stmt"/>
      </file>
      <file name="type.ts" path="D:\学习资料\typeScript\vue3-ts-components\lib\type.ts">
        <metrics statements="13" coveredstatements="13" conditionals="2" coveredconditionals="2" methods="1" coveredmethods="1"/>
        <line num="1" count="2" type="stmt"/>
        <line num="2" count="2" type="cond" truecount="2" falsecount="0"/>
        <line num="3" count="2" type="stmt"/>
        <line num="4" count="2" type="stmt"/>
        <line num="5" count="2" type="stmt"/>
        <line num="6" count="2" type="stmt"/>
        <line num="7" count="2" type="stmt"/>
        <line num="8" count="2" type="stmt"/>
        <line num="9" count="2" type="stmt"/>
        <line num="49" count="2" type="stmt"/>
        <line num="67" count="2" type="stmt"/>
        <line num="68" count="2" type="stmt"/>
        <line num="70" count="2" type="stmt"/>
      </file>
      <file name="utils.ts" path="D:\学习资料\typeScript\vue3-ts-components\lib\utils.ts">
        <metrics statements="140" coveredstatements="15" conditionals="65" coveredconditionals="6" methods="33" coveredmethods="4"/>
        <line num="1" count="2" type="stmt"/>
        <line num="5" count="2" type="stmt"/>
        <line num="6" count="2" type="stmt"/>
        <line num="7" count="2" type="stmt"/>
        <line num="10" count="22" type="cond" truecount="3" falsecount="0"/>
        <line num="14" count="0" type="cond" truecount="0" falsecount="2"/>
        <line num="22" count="39" type="stmt"/>
        <line num="29" count="2" type="stmt"/>
        <line num="31" count="0" type="stmt"/>
        <line num="32" count="0" type="stmt"/>
        <line num="42" count="0" type="stmt"/>
        <line num="44" count="0" type="stmt"/>
        <line num="45" count="0" type="stmt"/>
        <line num="47" count="0" type="stmt"/>
        <line num="50" count="0" type="stmt"/>
        <line num="55" count="13" type="stmt"/>
        <line num="65" count="0" type="stmt"/>
        <line num="67" count="13" type="stmt"/>
        <line num="72" count="0" type="stmt"/>
        <line num="78" count="0" type="stmt"/>
        <line num="79" count="0" type="stmt"/>
        <line num="80" count="0" type="stmt"/>
        <line num="84" count="13" type="cond" truecount="1" falsecount="1"/>
        <line num="88" count="0" type="stmt"/>
        <line num="94" count="13" type="stmt"/>
        <line num="97" count="2" type="stmt"/>
        <line num="98" count="2" type="stmt"/>
        <line num="105" count="0" type="stmt"/>
        <line num="110" count="0" type="stmt"/>
        <line num="113" count="0" type="stmt"/>
        <line num="118" count="0" type="stmt"/>
        <line num="124" count="0" type="stmt"/>
        <line num="126" count="0" type="stmt"/>
        <line num="130" count="0" type="stmt"/>
        <line num="132" count="0" type="stmt"/>
        <line num="135" count="0" type="stmt"/>
        <line num="153" count="0" type="stmt"/>
        <line num="155" count="0" type="stmt"/>
        <line num="157" count="0" type="stmt"/>
        <line num="161" count="0" type="stmt"/>
        <line num="164" count="0" type="stmt"/>
        <line num="166" count="0" type="stmt"/>
        <line num="168" count="0" type="stmt"/>
        <line num="170" count="0" type="stmt"/>
        <line num="174" count="0" type="stmt"/>
        <line num="176" count="0" type="stmt"/>
        <line num="185" count="0" type="cond" truecount="0" falsecount="1"/>
        <line num="187" count="0" type="stmt"/>
        <line num="192" count="0" type="stmt"/>
        <line num="197" count="0" type="stmt"/>
        <line num="209" count="0" type="stmt"/>
        <line num="216" count="0" type="stmt"/>
        <line num="219" count="0" type="stmt"/>
        <line num="221" count="0" type="stmt"/>
        <line num="223" count="0" type="stmt"/>
        <line num="231" count="0" type="stmt"/>
        <line num="238" count="0" type="stmt"/>
        <line num="243" count="0" type="stmt"/>
        <line num="245" count="0" type="stmt"/>
        <line num="248" count="0" type="stmt"/>
        <line num="259" count="0" type="stmt"/>
        <line num="264" count="0" type="stmt"/>
        <line num="267" count="0" type="stmt"/>
        <line num="269" count="0" type="stmt"/>
        <line num="272" count="0" type="stmt"/>
        <line num="273" count="0" type="stmt"/>
        <line num="277" count="0" type="stmt"/>
        <line num="293" count="0" type="stmt"/>
        <line num="295" count="0" type="stmt"/>
        <line num="297" count="0" type="stmt"/>
        <line num="299" count="0" type="stmt"/>
        <line num="306" count="0" type="stmt"/>
        <line num="307" count="0" type="cond" truecount="0" falsecount="2"/>
        <line num="311" count="0" type="stmt"/>
        <line num="314" count="0" type="stmt"/>
        <line num="317" count="0" type="stmt"/>
        <line num="319" count="0" type="stmt"/>
        <line num="320" count="0" type="stmt"/>
        <line num="321" count="0" type="stmt"/>
        <line num="334" count="0" type="stmt"/>
        <line num="335" count="0" type="stmt"/>
        <line num="336" count="0" type="cond" truecount="0" falsecount="2"/>
        <line num="337" count="0" type="stmt"/>
        <line num="339" count="0" type="stmt"/>
        <line num="350" count="0" type="stmt"/>
        <line num="352" count="0" type="stmt"/>
        <line num="354" count="0" type="stmt"/>
        <line num="368" count="0" type="stmt"/>
        <line num="371" count="0" type="stmt"/>
        <line num="375" count="0" type="stmt"/>
        <line num="379" count="0" type="stmt"/>
        <line num="382" count="0" type="stmt"/>
        <line num="384" count="0" type="stmt"/>
        <line num="387" count="0" type="stmt"/>
        <line num="416" count="2" type="stmt"/>
        <line num="418" count="0" type="stmt"/>
        <line num="420" count="0" type="stmt"/>
        <line num="422" count="0" type="stmt"/>
        <line num="424" count="0" type="stmt"/>
        <line num="426" count="0" type="stmt"/>
        <line num="428" count="0" type="stmt"/>
        <line num="431" count="0" type="stmt"/>
        <line num="432" count="2" type="stmt"/>
        <line num="435" count="0" type="stmt"/>
        <line num="442" count="0" type="stmt"/>
        <line num="443" count="0" type="cond" truecount="0" falsecount="2"/>
        <line num="445" count="0" type="stmt"/>
        <line num="447" count="0" type="stmt"/>
        <line num="449" count="0" type="stmt"/>
        <line num="454" count="0" type="stmt"/>
        <line num="456" count="0" type="stmt"/>
        <line num="465" count="0" type="stmt"/>
        <line num="466" count="0" type="stmt"/>
        <line num="478" count="0" type="stmt"/>
        <line num="479" count="0" type="stmt"/>
        <line num="489" count="0" type="stmt"/>
        <line num="492" count="0" type="stmt"/>
        <line num="495" count="0" type="stmt"/>
        <line num="498" count="0" type="stmt"/>
        <line num="500" count="0" type="stmt"/>
        <line num="502" count="0" type="stmt"/>
        <line num="507" count="0" type="stmt"/>
        <line num="510" count="0" type="stmt"/>
        <line num="513" count="0" type="stmt"/>
        <line num="516" count="0" type="stmt"/>
        <line num="522" count="0" type="stmt"/>
        <line num="524" count="0" type="stmt"/>
        <line num="526" count="0" type="stmt"/>
        <line num="528" count="0" type="stmt"/>
        <line num="531" count="0" type="stmt"/>
        <line num="532" count="0" type="stmt"/>
        <line num="533" count="0" type="stmt"/>
        <line num="537" count="0" type="stmt"/>
        <line num="540" count="0" type="stmt"/>
        <line num="551" count="0" type="stmt"/>
        <line num="554" count="0" type="stmt"/>
        <line num="565" count="0" type="stmt"/>
        <line num="568" count="0" type="stmt"/>
        <line num="571" count="0" type="stmt"/>
        <line num="573" count="0" type="cond" truecount="0" falsecount="2"/>
      </file>
    </package>
    <package name="lib.fields">
      <metrics statements="104" coveredstatements="48" conditionals="26" coveredconditionals="3" methods="30" coveredmethods="10"/>
      <file name="ArrayField.tsx" path="D:\学习资料\typeScript\vue3-ts-components\lib\fields\ArrayField.tsx">
        <metrics statements="62" coveredstatements="9" conditionals="20" coveredconditionals="0" methods="19" coveredmethods="0"/>
        <line num="1" count="2" type="stmt"/>
        <line num="2" count="2" type="stmt"/>
        <line num="3" count="2" type="stmt"/>
        <line num="4" count="2" type="stmt"/>
        <line num="5" count="2" type="stmt"/>
        <line num="8" count="2" type="stmt"/>
        <line num="27" count="2" type="stmt"/>
        <line num="52" count="0" type="stmt"/>
        <line num="54" count="0" type="stmt"/>
        <line num="55" count="0" type="stmt"/>
        <line num="56" count="0" type="stmt"/>
        <line num="57" count="0" type="stmt"/>
        <line num="59" count="0" type="stmt"/>
        <line num="60" count="0" type="stmt"/>
        <line num="61" count="0" type="stmt"/>
        <line num="100" count="2" type="stmt"/>
        <line num="104" count="0" type="stmt"/>
        <line num="105" count="0" type="cond" truecount="0" falsecount="2"/>
        <line num="106" count="0" type="stmt"/>
        <line num="107" count="0" type="stmt"/>
        <line num="110" count="0" type="stmt"/>
        <line num="111" count="0" type="stmt"/>
        <line num="112" count="0" type="cond" truecount="0" falsecount="2"/>
        <line num="114" count="0" type="stmt"/>
        <line num="115" count="0" type="stmt"/>
        <line num="118" count="0" type="stmt"/>
        <line num="119" count="0" type="stmt"/>
        <line num="120" count="0" type="cond" truecount="0" falsecount="2"/>
        <line num="122" count="0" type="stmt"/>
        <line num="124" count="0" type="stmt"/>
        <line num="127" count="0" type="stmt"/>
        <line num="128" count="0" type="cond" truecount="0" falsecount="2"/>
        <line num="129" count="0" type="stmt"/>
        <line num="130" count="0" type="cond" truecount="0" falsecount="2"/>
        <line num="132" count="0" type="stmt"/>
        <line num="133" count="0" type="stmt"/>
        <line num="135" count="0" type="stmt"/>
        <line num="138" count="0" type="stmt"/>
        <line num="139" count="0" type="stmt"/>
        <line num="140" count="0" type="cond" truecount="0" falsecount="2"/>
        <line num="142" count="0" type="cond" truecount="0" falsecount="2"/>
        <line num="144" count="0" type="stmt"/>
        <line num="145" count="0" type="stmt"/>
        <line num="147" count="0" type="stmt"/>
        <line num="149" count="0" type="stmt"/>
        <line num="150" count="0" type="stmt"/>
        <line num="151" count="0" type="stmt"/>
        <line num="152" count="0" type="stmt"/>
        <line num="154" count="0" type="stmt"/>
        <line num="156" count="0" type="cond" truecount="0" falsecount="2"/>
        <line num="157" count="0" type="cond" truecount="0" falsecount="2"/>
        <line num="160" count="0" type="stmt"/>
        <line num="161" count="0" type="stmt"/>
        <line num="167" count="0" type="stmt"/>
        <line num="171" count="0" type="stmt"/>
        <line num="172" count="0" type="stmt"/>
        <line num="180" count="0" type="stmt"/>
        <line num="188" count="0" type="stmt"/>
        <line num="195" count="0" type="stmt"/>
        <line num="196" count="0" type="stmt"/>
        <line num="200" count="0" type="stmt"/>
        <line num="210" count="2" type="stmt"/>
      </file>
      <file name="NumberField.tsx" path="D:\学习资料\typeScript\vue3-ts-components\lib\fields\NumberField.tsx">
        <metrics statements="12" coveredstatements="11" conditionals="0" coveredconditionals="0" methods="3" coveredmethods="3"/>
        <line num="1" count="2" type="stmt"/>
        <line num="2" count="2" type="stmt"/>
        <line num="3" count="2" type="stmt"/>
        <line num="7" count="4" type="stmt"/>
        <line num="8" count="4" type="stmt"/>
        <line num="9" count="1" type="stmt"/>
        <line num="12" count="0" type="stmt"/>
        <line num="14" count="1" type="stmt"/>
        <line num="17" count="4" type="stmt"/>
        <line num="18" count="7" type="stmt"/>
        <line num="19" count="7" type="stmt"/>
        <line num="22" count="2" type="stmt"/>
      </file>
      <file name="ObjectField.tsx" path="D:\学习资料\typeScript\vue3-ts-components\lib\fields\ObjectField.tsx">
        <metrics statements="20" coveredstatements="20" conditionals="6" coveredconditionals="3" methods="5" coveredmethods="5"/>
        <line num="1" count="2" type="stmt"/>
        <line num="2" count="2" type="stmt"/>
        <line num="3" count="2" type="stmt"/>
        <line num="4" count="2" type="stmt"/>
        <line num="6" count="2" type="stmt"/>
        <line num="10" count="3" type="stmt"/>
        <line num="11" count="6" type="stmt"/>
        <line num="12" count="6" type="stmt"/>
        <line num="13" count="6" type="stmt"/>
        <line num="14" count="6" type="cond" truecount="1" falsecount="1"/>
        <line num="15" count="6" type="cond" truecount="1" falsecount="1"/>
        <line num="17" count="6" type="stmt"/>
        <line num="18" count="3" type="cond" truecount="1" falsecount="1"/>
        <line num="22" count="1" type="stmt"/>
        <line num="24" count="2" type="stmt"/>
        <line num="27" count="3" type="stmt"/>
        <line num="30" count="6" type="stmt"/>
        <line num="31" count="12" type="stmt"/>
        <line num="37" count="3" type="stmt"/>
        <line num="43" count="2" type="stmt"/>
      </file>
      <file name="StringField.tsx" path="D:\学习资料\typeScript\vue3-ts-components\lib\fields\StringField.tsx">
        <metrics statements="10" coveredstatements="8" conditionals="0" coveredconditionals="0" methods="3" coveredmethods="2"/>
        <line num="1" count="2" type="stmt"/>
        <line num="2" count="2" type="stmt"/>
        <line num="3" count="2" type="stmt"/>
        <line num="7" count="3" type="stmt"/>
        <line num="8" count="0" type="stmt"/>
        <line num="9" count="0" type="stmt"/>
        <line num="11" count="3" type="stmt"/>
        <line num="12" count="6" type="stmt"/>
        <line num="13" count="6" type="stmt"/>
        <line num="16" count="2" type="stmt"/>
      </file>
    </package>
    <package name="lib.widgets">
      <metrics statements="16" coveredstatements="3" conditionals="0" coveredconditionals="0" methods="7" coveredmethods="0"/>
      <file name="Selections.tsx" path="D:\学习资料\typeScript\vue3-ts-components\lib\widgets\Selections.tsx">
        <metrics statements="16" coveredstatements="3" conditionals="0" coveredconditionals="0" methods="7" coveredmethods="0"/>
        <line num="1" count="2" type="stmt"/>
        <line num="2" count="2" type="stmt"/>
        <line num="24" count="0" type="stmt"/>
        <line num="25" count="0" type="stmt"/>
        <line num="26" count="0" type="stmt"/>
        <line num="28" count="0" type="stmt"/>
        <line num="29" count="0" type="stmt"/>
        <line num="33" count="0" type="stmt"/>
        <line num="34" count="0" type="stmt"/>
        <line num="37" count="0" type="stmt"/>
        <line num="41" count="0" type="stmt"/>
        <line num="42" count="0" type="stmt"/>
        <line num="43" count="0" type="stmt"/>
        <line num="44" count="0" type="stmt"/>
        <line num="45" count="0" type="stmt"/>
        <line num="52" count="2" type="stmt"/>
      </file>
    </package>
  </project>
</coverage>
