{"D:\\学习资料\\typeScript\\vue3-ts-components\\lib\\SchemaFrom.tsx": {"path":"D:\\学习资料\\typeScript\\vue3-ts-components\\lib\\SchemaFrom.tsx","statementMap":{"0":{"start":{"line":1,"column":0},"end":{"line":1,"column":null}},"1":{"start":{"line":3,"column":0},"end":{"line":3,"column":null}},"2":{"start":{"line":4,"column":0},"end":{"line":4,"column":48}},"3":{"start":{"line":5,"column":15},"end":{"line":37,"column":2}},"4":{"start":{"line":21,"column":4},"end":{"line":21,"column":null}},"5":{"start":{"line":22,"column":4},"end":{"line":35,"column":null}},"6":{"start":{"line":23,"column":32},"end":{"line":23,"column":37}},"7":{"start":{"line":24,"column":28},"end":{"line":26,"column":7}},"8":{"start":{"line":25,"column":8},"end":{"line":25,"column":null}},"9":{"start":{"line":27,"column":6},"end":{"line":32,"column":null}},"10":{"start":{"line":37,"column":2},"end":{"line":37,"column":null}}},"fnMap":{"0":{"name":"(anonymous_0)","decl":{"start":{"line":20,"column":2},"end":{"line":20,"column":7}},"loc":{"start":{"line":20,"column":37},"end":{"line":36,"column":null}}},"1":{"name":"(anonymous_1)","decl":{"start":{"line":22,"column":11},"end":{"line":22,"column":16}},"loc":{"start":{"line":22,"column":16},"end":{"line":35,"column":5}}},"2":{"name":"(anonymous_2)","decl":{"start":{"line":24,"column":28},"end":{"line":24,"column":34}},"loc":{"start":{"line":24,"column":38},"end":{"line":26,"column":7}}}},"branchMap":{},"s":{"0":3,"1":3,"2":3,"3":3,"4":7,"5":7,"6":7,"7":7,"8":4,"9":7,"10":3},"f":{"0":7,"1":7,"2":4},"b":{}}
,"D:\\学习资料\\typeScript\\vue3-ts-components\\lib\\context.ts": {"path":"D:\\学习资料\\typeScript\\vue3-ts-components\\lib\\context.ts","statementMap":{"0":{"start":{"line":1,"column":0},"end":{"line":1,"column":null}},"1":{"start":{"line":4,"column":36},"end":{"line":4,"column":44}},"2":{"start":{"line":4,"column":44},"end":{"line":4,"column":null}},"3":{"start":{"line":8,"column":4},"end":{"line":8,"column":32}},"4":{"start":{"line":11,"column":4},"end":{"line":11,"column":null}},"5":{"start":{"line":14,"column":2},"end":{"line":14,"column":null}}},"fnMap":{"0":{"name":"useVJSFContext","decl":{"start":{"line":6,"column":16},"end":{"line":6,"column":30}},"loc":{"start":{"line":6,"column":30},"end":{"line":15,"column":null}}}},"branchMap":{},"s":{"0":3,"1":3,"2":3,"3":9,"4":0,"5":9},"f":{"0":9},"b":{}}
,"D:\\学习资料\\typeScript\\vue3-ts-components\\lib\\index.ts": {"path":"D:\\学习资料\\typeScript\\vue3-ts-components\\lib\\index.ts","statementMap":{"0":{"start":{"line":1,"column":0},"end":{"line":1,"column":null}},"1":{"start":{"line":2,"column":0},"end":{"line":2,"column":null}},"2":{"start":{"line":3,"column":0},"end":{"line":3,"column":null}},"3":{"start":{"line":4,"column":0},"end":{"line":4,"column":null}},"4":{"start":{"line":5,"column":0},"end":{"line":5,"column":null}},"5":{"start":{"line":6,"column":0},"end":{"line":6,"column":35}},"6":{"start":{"line":7,"column":15},"end":{"line":7,"column":25}},"7":{"start":{"line":7,"column":25},"end":{"line":7,"column":null}}},"fnMap":{},"branchMap":{},"s":{"0":3,"1":3,"2":3,"3":3,"4":3,"5":3,"6":3,"7":3},"f":{},"b":{}}
,"D:\\学习资料\\typeScript\\vue3-ts-components\\lib\\schemaItem.tsx": {"path":"D:\\学习资料\\typeScript\\vue3-ts-components\\lib\\schemaItem.tsx","statementMap":{"0":{"start":{"line":1,"column":0},"end":{"line":1,"column":null}},"1":{"start":{"line":3,"column":0},"end":{"line":3,"column":null}},"2":{"start":{"line":5,"column":0},"end":{"line":5,"column":null}},"3":{"start":{"line":6,"column":0},"end":{"line":6,"column":null}},"4":{"start":{"line":7,"column":0},"end":{"line":7,"column":null}},"5":{"start":{"line":8,"column":0},"end":{"line":8,"column":null}},"6":{"start":{"line":10,"column":0},"end":{"line":10,"column":40}},"7":{"start":{"line":11,"column":15},"end":{"line":51,"column":2}},"8":{"start":{"line":15,"column":4},"end":{"line":15,"column":null}},"9":{"start":{"line":16,"column":30},"end":{"line":19,"column":6}},"10":{"start":{"line":17,"column":44},"end":{"line":17,"column":49}},"11":{"start":{"line":18,"column":6},"end":{"line":18,"column":null}},"12":{"start":{"line":20,"column":4},"end":{"line":49,"column":null}},"13":{"start":{"line":21,"column":25},"end":{"line":21,"column":30}},"14":{"start":{"line":22,"column":30},"end":{"line":22,"column":53}},"15":{"start":{"line":24,"column":19},"end":{"line":24,"column":30}},"16":{"start":{"line":28,"column":10},"end":{"line":28,"column":null}},"17":{"start":{"line":29,"column":10},"end":{"line":29,"column":null}},"18":{"start":{"line":32,"column":10},"end":{"line":32,"column":null}},"19":{"start":{"line":33,"column":10},"end":{"line":33,"column":null}},"20":{"start":{"line":36,"column":10},"end":{"line":36,"column":null}},"21":{"start":{"line":37,"column":10},"end":{"line":37,"column":null}},"22":{"start":{"line":40,"column":10},"end":{"line":40,"column":null}},"23":{"start":{"line":41,"column":10},"end":{"line":41,"column":null}},"24":{"start":{"line":44,"column":10},"end":{"line":44,"column":null}},"25":{"start":{"line":48,"column":6},"end":{"line":48,"column":null}},"26":{"start":{"line":51,"column":2},"end":{"line":51,"column":null}}},"fnMap":{"0":{"name":"(anonymous_0)","decl":{"start":{"line":14,"column":2},"end":{"line":14,"column":7}},"loc":{"start":{"line":14,"column":31},"end":{"line":50,"column":null}}},"1":{"name":"(anonymous_1)","decl":{"start":{"line":16,"column":39},"end":{"line":16,"column":44}},"loc":{"start":{"line":16,"column":44},"end":{"line":19,"column":5}}},"2":{"name":"(anonymous_2)","decl":{"start":{"line":20,"column":11},"end":{"line":20,"column":16}},"loc":{"start":{"line":20,"column":16},"end":{"line":49,"column":5}}}},"branchMap":{},"s":{"0":3,"1":3,"2":3,"3":3,"4":3,"5":3,"6":3,"7":3,"8":17,"9":17,"10":20,"11":20,"12":17,"13":23,"14":23,"15":23,"16":9,"17":9,"18":8,"19":8,"20":3,"21":3,"22":3,"23":3,"24":0,"25":23,"26":3},"f":{"0":17,"1":20,"2":23},"b":{}}
,"D:\\学习资料\\typeScript\\vue3-ts-components\\lib\\theme.tsx": {"path":"D:\\学习资料\\typeScript\\vue3-ts-components\\lib\\theme.tsx","statementMap":{"0":{"start":{"line":1,"column":0},"end":{"line":1,"column":null}},"1":{"start":{"line":12,"column":27},"end":{"line":12,"column":35}},"2":{"start":{"line":14,"column":22},"end":{"line":31,"column":2}},"3":{"start":{"line":24,"column":20},"end":{"line":24,"column":47}},"4":{"start":{"line":24,"column":35},"end":{"line":24,"column":46}},"5":{"start":{"line":27,"column":4},"end":{"line":27,"column":null}},"6":{"start":{"line":29,"column":4},"end":{"line":29,"column":null}},"7":{"start":{"line":29,"column":17},"end":{"line":29,"column":49}},"8":{"start":{"line":38,"column":4},"end":{"line":38,"column":50}},"9":{"start":{"line":41,"column":4},"end":{"line":41,"column":null}},"10":{"start":{"line":44,"column":20},"end":{"line":46,"column":4}},"11":{"start":{"line":45,"column":4},"end":{"line":45,"column":null}},"12":{"start":{"line":48,"column":2},"end":{"line":48,"column":null}},"13":{"start":{"line":51,"column":15},"end":{"line":51,"column":28}},"14":{"start":{"line":51,"column":28},"end":{"line":51,"column":null}}},"fnMap":{"0":{"name":"(anonymous_0)","decl":{"start":{"line":22,"column":2},"end":{"line":22,"column":7}},"loc":{"start":{"line":22,"column":24},"end":{"line":30,"column":null}}},"1":{"name":"(anonymous_1)","decl":{"start":{"line":24,"column":29},"end":{"line":24,"column":35}},"loc":{"start":{"line":24,"column":35},"end":{"line":24,"column":46}}},"2":{"name":"(anonymous_2)","decl":{"start":{"line":29,"column":11},"end":{"line":29,"column":17}},"loc":{"start":{"line":29,"column":17},"end":{"line":29,"column":49}}},"3":{"name":"getWidget","decl":{"start":{"line":34,"column":16},"end":{"line":34,"column":25}},"loc":{"start":{"line":35,"column":9},"end":{"line":49,"column":1}}},"4":{"name":"(anonymous_4)","decl":{"start":{"line":44,"column":29},"end":{"line":44,"column":34}},"loc":{"start":{"line":44,"column":34},"end":{"line":46,"column":3}}}},"branchMap":{"0":{"loc":{"start":{"line":29,"column":17},"end":{"line":29,"column":30}},"type":"binary-expr","locations":[{"start":{"line":29,"column":17},"end":{"line":29,"column":30}},{"start":{"line":29,"column":34},"end":{"line":29,"column":49}}]}},"s":{"0":3,"1":3,"2":3,"3":3,"4":3,"5":3,"6":3,"7":3,"8":3,"9":0,"10":3,"11":3,"12":3,"13":3,"14":3},"f":{"0":3,"1":3,"2":3,"3":3,"4":3},"b":{"0":[3,3]}}
,"D:\\学习资料\\typeScript\\vue3-ts-components\\lib\\type.ts": {"path":"D:\\学习资料\\typeScript\\vue3-ts-components\\lib\\type.ts","statementMap":{"0":{"start":{"line":1,"column":0},"end":{"line":1,"column":null}},"1":{"start":{"line":9,"column":1},"end":{"line":9,"column":null}},"2":{"start":{"line":2,"column":0},"end":{"line":2,"column":null}},"3":{"start":{"line":3,"column":2},"end":{"line":3,"column":null}},"4":{"start":{"line":4,"column":2},"end":{"line":4,"column":null}},"5":{"start":{"line":5,"column":2},"end":{"line":5,"column":null}},"6":{"start":{"line":6,"column":2},"end":{"line":6,"column":null}},"7":{"start":{"line":7,"column":2},"end":{"line":7,"column":null}},"8":{"start":{"line":8,"column":2},"end":{"line":8,"column":null}},"9":{"start":{"line":49,"column":32},"end":{"line":65,"column":null}},"10":{"start":{"line":67,"column":0},"end":{"line":67,"column":null}},"11":{"start":{"line":68,"column":35},"end":{"line":70,"column":2}},"12":{"start":{"line":70,"column":2},"end":{"line":70,"column":null}},"13":{"start":{"line":75,"column":39},"end":{"line":81,"column":null}},"14":{"start":{"line":81,"column":10},"end":{"line":81,"column":null}},"15":{"start":{"line":83,"column":42},"end":{"line":94,"column":null}},"16":{"start":{"line":96,"column":0},"end":{"line":96,"column":null}},"17":{"start":{"line":97,"column":38},"end":{"line":99,"column":2}},"18":{"start":{"line":99,"column":2},"end":{"line":99,"column":null}},"19":{"start":{"line":102,"column":41},"end":{"line":104,"column":2}},"20":{"start":{"line":107,"column":0},"end":{"line":107,"column":null}},"21":{"start":{"line":110,"column":1},"end":{"line":110,"column":null}},"22":{"start":{"line":108,"column":0},"end":{"line":108,"column":null}},"23":{"start":{"line":109,"column":2},"end":{"line":109,"column":null}},"24":{"start":{"line":115,"column":1},"end":{"line":115,"column":null}},"25":{"start":{"line":112,"column":0},"end":{"line":112,"column":null}},"26":{"start":{"line":113,"column":2},"end":{"line":113,"column":null}},"27":{"start":{"line":114,"column":2},"end":{"line":114,"column":null}}},"fnMap":{"0":{"name":"(anonymous_0)","decl":{"start":{"line":2,"column":0},"end":{"line":2,"column":12}},"loc":{"start":{"line":2,"column":23},"end":{"line":9,"column":1}}},"1":{"name":"(anonymous_1)","decl":{"start":{"line":108,"column":0},"end":{"line":108,"column":12}},"loc":{"start":{"line":108,"column":32},"end":{"line":110,"column":1}}},"2":{"name":"(anonymous_2)","decl":{"start":{"line":112,"column":0},"end":{"line":112,"column":12}},"loc":{"start":{"line":112,"column":29},"end":{"line":115,"column":1}}}},"branchMap":{"0":{"loc":{"start":{"line":2,"column":12},"end":{"line":2,"column":23}},"type":"binary-expr","locations":[{"start":{"line":2,"column":12},"end":{"line":2,"column":23}},{"start":{"line":2,"column":23},"end":{"line":2,"column":null}}]},"1":{"loc":{"start":{"line":108,"column":12},"end":{"line":108,"column":32}},"type":"binary-expr","locations":[{"start":{"line":108,"column":12},"end":{"line":108,"column":32}},{"start":{"line":108,"column":32},"end":{"line":108,"column":null}}]},"2":{"loc":{"start":{"line":112,"column":12},"end":{"line":112,"column":29}},"type":"binary-expr","locations":[{"start":{"line":112,"column":12},"end":{"line":112,"column":29}},{"start":{"line":112,"column":29},"end":{"line":112,"column":null}}]}},"s":{"0":3,"1":3,"2":3,"3":3,"4":3,"5":3,"6":3,"7":3,"8":3,"9":3,"10":3,"11":3,"12":3,"13":3,"14":3,"15":3,"16":3,"17":3,"18":3,"19":3,"20":3,"21":3,"22":3,"23":3,"24":3,"25":3,"26":3,"27":3},"f":{"0":3,"1":3,"2":3},"b":{"0":[3,3],"1":[3,3],"2":[3,3]}}
,"D:\\学习资料\\typeScript\\vue3-ts-components\\lib\\utils.ts": {"path":"D:\\学习资料\\typeScript\\vue3-ts-components\\lib\\utils.ts","statementMap":{"0":{"start":{"line":1,"column":0},"end":{"line":1,"column":null}},"1":{"start":{"line":5,"column":0},"end":{"line":5,"column":null}},"2":{"start":{"line":6,"column":0},"end":{"line":6,"column":null}},"3":{"start":{"line":7,"column":0},"end":{"line":7,"column":null}},"4":{"start":{"line":10,"column":2},"end":{"line":10,"column":null}},"5":{"start":{"line":14,"column":2},"end":{"line":14,"column":null}},"6":{"start":{"line":22,"column":2},"end":{"line":22,"column":null}},"7":{"start":{"line":29,"column":24},"end":{"line":29,"column":33}},"8":{"start":{"line":31,"column":16},"end":{"line":31,"column":54}},"9":{"start":{"line":32,"column":2},"end":{"line":35,"column":null}},"10":{"start":{"line":42,"column":4},"end":{"line":42,"column":null}},"11":{"start":{"line":44,"column":27},"end":{"line":44,"column":76}},"12":{"start":{"line":45,"column":4},"end":{"line":45,"column":null}},"13":{"start":{"line":47,"column":4},"end":{"line":52,"column":null}},"14":{"start":{"line":50,"column":8},"end":{"line":50,"column":60}},"15":{"start":{"line":55,"column":4},"end":{"line":55,"column":null}},"16":{"start":{"line":65,"column":4},"end":{"line":65,"column":null}},"17":{"start":{"line":67,"column":23},"end":{"line":67,"column":66}},"18":{"start":{"line":72,"column":6},"end":{"line":76,"column":null}},"19":{"start":{"line":78,"column":6},"end":{"line":78,"column":null}},"20":{"start":{"line":79,"column":55},"end":{"line":79,"column":69}},"21":{"start":{"line":80,"column":6},"end":{"line":80,"column":null}},"22":{"start":{"line":84,"column":4},"end":{"line":85,"column":49}},"23":{"start":{"line":88,"column":4},"end":{"line":92,"column":null}},"24":{"start":{"line":94,"column":2},"end":{"line":94,"column":null}},"25":{"start":{"line":97,"column":40},"end":{"line":97,"column":63}},"26":{"start":{"line":98,"column":0},"end":{"line":98,"column":null}},"27":{"start":{"line":105,"column":2},"end":{"line":108,"column":null}},"28":{"start":{"line":110,"column":2},"end":{"line":133,"column":null}},"29":{"start":{"line":113,"column":6},"end":{"line":113,"column":null}},"30":{"start":{"line":118,"column":6},"end":{"line":122,"column":null}},"31":{"start":{"line":124,"column":6},"end":{"line":124,"column":null}},"32":{"start":{"line":126,"column":6},"end":{"line":126,"column":null}},"33":{"start":{"line":130,"column":6},"end":{"line":130,"column":null}},"34":{"start":{"line":132,"column":6},"end":{"line":132,"column":null}},"35":{"start":{"line":135,"column":2},"end":{"line":135,"column":null}},"36":{"start":{"line":153,"column":21},"end":{"line":153,"column":66}},"37":{"start":{"line":155,"column":35},"end":{"line":155,"column":41}},"38":{"start":{"line":157,"column":2},"end":{"line":157,"column":null}},"39":{"start":{"line":161,"column":18},"end":{"line":161,"column":22}},"40":{"start":{"line":164,"column":4},"end":{"line":164,"column":null}},"41":{"start":{"line":166,"column":4},"end":{"line":166,"column":null}},"42":{"start":{"line":168,"column":18},"end":{"line":168,"column":51}},"43":{"start":{"line":170,"column":4},"end":{"line":170,"column":null}},"44":{"start":{"line":174,"column":4},"end":{"line":174,"column":null}},"45":{"start":{"line":176,"column":2},"end":{"line":176,"column":null}},"46":{"start":{"line":185,"column":51},"end":{"line":185,"column":57}},"47":{"start":{"line":187,"column":4},"end":{"line":190,"column":null}},"48":{"start":{"line":192,"column":4},"end":{"line":195,"column":null}},"49":{"start":{"line":197,"column":2},"end":{"line":197,"column":null}},"50":{"start":{"line":209,"column":6},"end":{"line":209,"column":null}},"51":{"start":{"line":216,"column":6},"end":{"line":216,"column":null}},"52":{"start":{"line":219,"column":6},"end":{"line":219,"column":18}},"53":{"start":{"line":221,"column":6},"end":{"line":221,"column":null}},"54":{"start":{"line":223,"column":6},"end":{"line":229,"column":null}},"55":{"start":{"line":231,"column":4},"end":{"line":236,"column":null}},"56":{"start":{"line":238,"column":2},"end":{"line":238,"column":null}},"57":{"start":{"line":243,"column":4},"end":{"line":243,"column":null}},"58":{"start":{"line":245,"column":19},"end":{"line":247,"column":26}},"59":{"start":{"line":248,"column":2},"end":{"line":248,"column":null}},"60":{"start":{"line":259,"column":40},"end":{"line":262,"column":null}},"61":{"start":{"line":264,"column":2},"end":{"line":264,"column":null}},"62":{"start":{"line":267,"column":4},"end":{"line":267,"column":null}},"63":{"start":{"line":269,"column":4},"end":{"line":269,"column":null}},"64":{"start":{"line":272,"column":24},"end":{"line":275,"column":null}},"65":{"start":{"line":273,"column":4},"end":{"line":275,"column":17}},"66":{"start":{"line":277,"column":2},"end":{"line":283,"column":null}},"67":{"start":{"line":293,"column":26},"end":{"line":309,"column":4}},"68":{"start":{"line":295,"column":6},"end":{"line":295,"column":null}},"69":{"start":{"line":297,"column":57},"end":{"line":297,"column":77}},"70":{"start":{"line":299,"column":30},"end":{"line":304,"column":null}},"71":{"start":{"line":306,"column":25},"end":{"line":306,"column":64}},"72":{"start":{"line":307,"column":6},"end":{"line":307,"column":null}},"73":{"start":{"line":311,"column":4},"end":{"line":313,"column":null}},"74":{"start":{"line":314,"column":4},"end":{"line":314,"column":null}},"75":{"start":{"line":317,"column":20},"end":{"line":317,"column":38}},"76":{"start":{"line":319,"column":4},"end":{"line":319,"column":24}},"77":{"start":{"line":320,"column":26},"end":{"line":320,"column":74}},"78":{"start":{"line":321,"column":2},"end":{"line":325,"column":null}},"79":{"start":{"line":334,"column":14},"end":{"line":334,"column":37}},"80":{"start":{"line":335,"column":2},"end":{"line":355,"column":null}},"81":{"start":{"line":336,"column":17},"end":{"line":336,"column":38}},"82":{"start":{"line":337,"column":14},"end":{"line":337,"column":23}},"83":{"start":{"line":339,"column":6},"end":{"line":339,"column":null}},"84":{"start":{"line":350,"column":6},"end":{"line":350,"column":null}},"85":{"start":{"line":352,"column":6},"end":{"line":352,"column":null}},"86":{"start":{"line":354,"column":4},"end":{"line":354,"column":null}},"87":{"start":{"line":368,"column":19},"end":{"line":368,"column":25}},"88":{"start":{"line":371,"column":4},"end":{"line":371,"column":null}},"89":{"start":{"line":375,"column":4},"end":{"line":375,"column":null}},"90":{"start":{"line":379,"column":4},"end":{"line":379,"column":null}},"91":{"start":{"line":382,"column":17},"end":{"line":382,"column":21}},"92":{"start":{"line":384,"column":4},"end":{"line":384,"column":null}},"93":{"start":{"line":384,"column":28},"end":{"line":384,"column":43}},"94":{"start":{"line":387,"column":2},"end":{"line":387,"column":null}},"95":{"start":{"line":416,"column":25},"end":{"line":432,"column":1}},"96":{"start":{"line":418,"column":4},"end":{"line":418,"column":null}},"97":{"start":{"line":420,"column":4},"end":{"line":420,"column":null}},"98":{"start":{"line":422,"column":4},"end":{"line":422,"column":null}},"99":{"start":{"line":424,"column":4},"end":{"line":424,"column":null}},"100":{"start":{"line":426,"column":4},"end":{"line":426,"column":null}},"101":{"start":{"line":428,"column":4},"end":{"line":428,"column":null}},"102":{"start":{"line":431,"column":2},"end":{"line":431,"column":null}},"103":{"start":{"line":432,"column":1},"end":{"line":432,"column":null}},"104":{"start":{"line":435,"column":2},"end":{"line":437,"column":null}},"105":{"start":{"line":442,"column":17},"end":{"line":442,"column":52}},"106":{"start":{"line":443,"column":21},"end":{"line":443,"column":49}},"107":{"start":{"line":445,"column":4},"end":{"line":445,"column":null}},"108":{"start":{"line":447,"column":4},"end":{"line":447,"column":null}},"109":{"start":{"line":447,"column":44},"end":{"line":447,"column":66}},"110":{"start":{"line":449,"column":2},"end":{"line":449,"column":null}},"111":{"start":{"line":454,"column":4},"end":{"line":454,"column":null}},"112":{"start":{"line":456,"column":2},"end":{"line":456,"column":null}},"113":{"start":{"line":465,"column":15},"end":{"line":465,"column":16}},"114":{"start":{"line":466,"column":19},"end":{"line":466,"column":29}},"115":{"start":{"line":478,"column":28},"end":{"line":482,"column":null}},"116":{"start":{"line":479,"column":60},"end":{"line":481,"column":10}},"117":{"start":{"line":489,"column":36},"end":{"line":489,"column":42}},"118":{"start":{"line":492,"column":10},"end":{"line":492,"column":null}},"119":{"start":{"line":495,"column":10},"end":{"line":495,"column":null}},"120":{"start":{"line":498,"column":8},"end":{"line":498,"column":null}},"121":{"start":{"line":500,"column":8},"end":{"line":500,"column":null}},"122":{"start":{"line":502,"column":8},"end":{"line":502,"column":null}},"123":{"start":{"line":507,"column":6},"end":{"line":507,"column":null}},"124":{"start":{"line":510,"column":8},"end":{"line":510,"column":null}},"125":{"start":{"line":513,"column":6},"end":{"line":513,"column":null}},"126":{"start":{"line":516,"column":2},"end":{"line":516,"column":null}},"127":{"start":{"line":522,"column":6},"end":{"line":522,"column":null}},"128":{"start":{"line":524,"column":4},"end":{"line":529,"column":null}},"129":{"start":{"line":526,"column":8},"end":{"line":526,"column":null}},"130":{"start":{"line":528,"column":6},"end":{"line":528,"column":null}},"131":{"start":{"line":531,"column":16},"end":{"line":531,"column":43}},"132":{"start":{"line":532,"column":4},"end":{"line":538,"column":null}},"133":{"start":{"line":533,"column":6},"end":{"line":536,"column":null}},"134":{"start":{"line":537,"column":6},"end":{"line":537,"column":null}},"135":{"start":{"line":540,"column":4},"end":{"line":540,"column":null}},"136":{"start":{"line":551,"column":4},"end":{"line":551,"column":null}},"137":{"start":{"line":554,"column":19},"end":{"line":554,"column":34}},"138":{"start":{"line":565,"column":4},"end":{"line":565,"column":null}},"139":{"start":{"line":568,"column":4},"end":{"line":568,"column":null}},"140":{"start":{"line":571,"column":4},"end":{"line":571,"column":null}},"141":{"start":{"line":573,"column":2},"end":{"line":573,"column":null}}},"fnMap":{"0":{"name":"isObject","decl":{"start":{"line":9,"column":16},"end":{"line":9,"column":24}},"loc":{"start":{"line":9,"column":35},"end":{"line":11,"column":null}}},"1":{"name":"isEmptyObject","decl":{"start":{"line":13,"column":16},"end":{"line":13,"column":29}},"loc":{"start":{"line":13,"column":40},"end":{"line":15,"column":null}}},"2":{"name":"hasOwnProperty","decl":{"start":{"line":17,"column":16},"end":{"line":17,"column":30}},"loc":{"start":{"line":17,"column":52},"end":{"line":23,"column":null}}},"3":{"name":"validateData","decl":{"start":{"line":30,"column":16},"end":{"line":30,"column":28}},"loc":{"start":{"line":30,"column":51},"end":{"line":36,"column":null}}},"4":{"name":"resolveSchema","decl":{"start":{"line":40,"column":16},"end":{"line":40,"column":29}},"loc":{"start":{"line":40,"column":76},"end":{"line":57,"column":null}}},"5":{"name":"(anonymous_5)","decl":{"start":{"line":49,"column":31},"end":{"line":49,"column":45}},"loc":{"start":{"line":50,"column":8},"end":{"line":50,"column":60}}},"6":{"name":"retrieveSchema","decl":{"start":{"line":59,"column":16},"end":{"line":59,"column":30}},"loc":{"start":{"line":62,"column":20},"end":{"line":95,"column":null}}},"7":{"name":"stubExistingAdditionalProperties","decl":{"start":{"line":99,"column":16},"end":{"line":99,"column":48}},"loc":{"start":{"line":102,"column":20},"end":{"line":136,"column":null}}},"8":{"name":"(anonymous_8)","decl":{"start":{"line":110,"column":33},"end":{"line":110,"column":36}},"loc":{"start":{"line":110,"column":40},"end":{"line":133,"column":3}}},"9":{"name":"resolveReference","decl":{"start":{"line":151,"column":9},"end":{"line":151,"column":25}},"loc":{"start":{"line":151,"column":69},"end":{"line":158,"column":null}}},"10":{"name":"findSchemaDefinition","decl":{"start":{"line":160,"column":16},"end":{"line":160,"column":36}},"loc":{"start":{"line":160,"column":66},"end":{"line":177,"column":null}}},"11":{"name":"resolveDependencies","decl":{"start":{"line":179,"column":9},"end":{"line":179,"column":28}},"loc":{"start":{"line":182,"column":15},"end":{"line":198,"column":null}}},"12":{"name":"processDependencies","decl":{"start":{"line":199,"column":9},"end":{"line":199,"column":28}},"loc":{"start":{"line":203,"column":15},"end":{"line":239,"column":null}}},"13":{"name":"withDependentProperties","decl":{"start":{"line":241,"column":9},"end":{"line":241,"column":32}},"loc":{"start":{"line":241,"column":71},"end":{"line":249,"column":null}}},"14":{"name":"withDependentSchema","decl":{"start":{"line":251,"column":9},"end":{"line":251,"column":28}},"loc":{"start":{"line":256,"column":22},"end":{"line":284,"column":null}}},"15":{"name":"(anonymous_15)","decl":{"start":{"line":272,"column":35},"end":{"line":272,"column":44}},"loc":{"start":{"line":273,"column":4},"end":{"line":275,"column":17}}},"16":{"name":"withExactlyOneSubschema","decl":{"start":{"line":286,"column":9},"end":{"line":286,"column":32}},"loc":{"start":{"line":291,"column":12},"end":{"line":326,"column":null}}},"17":{"name":"(anonymous_17)","decl":{"start":{"line":293,"column":40},"end":{"line":293,"column":54}},"loc":{"start":{"line":293,"column":58},"end":{"line":309,"column":3}}},"18":{"name":"mergeSchemas","decl":{"start":{"line":333,"column":16},"end":{"line":333,"column":28}},"loc":{"start":{"line":333,"column":49},"end":{"line":356,"column":null}}},"19":{"name":"(anonymous_19)","decl":{"start":{"line":335,"column":34},"end":{"line":335,"column":35}},"loc":{"start":{"line":335,"column":47},"end":{"line":355,"column":3}}},"20":{"name":"getSchemaType","decl":{"start":{"line":367,"column":16},"end":{"line":367,"column":29}},"loc":{"start":{"line":367,"column":44},"end":{"line":412,"column":null}}},"21":{"name":"(anonymous_21)","decl":{"start":{"line":384,"column":19},"end":{"line":384,"column":23}},"loc":{"start":{"line":384,"column":28},"end":{"line":384,"column":43}}},"22":{"name":"guessType","decl":{"start":{"line":416,"column":34},"end":{"line":416,"column":43}},"loc":{"start":{"line":416,"column":54},"end":{"line":432,"column":1}}},"23":{"name":"isConstant","decl":{"start":{"line":434,"column":16},"end":{"line":434,"column":26}},"loc":{"start":{"line":434,"column":41},"end":{"line":439,"column":null}}},"24":{"name":"isSelect","decl":{"start":{"line":441,"column":16},"end":{"line":441,"column":24}},"loc":{"start":{"line":441,"column":62},"end":{"line":450,"column":null}}},"25":{"name":"(anonymous_25)","decl":{"start":{"line":447,"column":29},"end":{"line":447,"column":39}},"loc":{"start":{"line":447,"column":44},"end":{"line":447,"column":66}}},"26":{"name":"isMultiSelect","decl":{"start":{"line":452,"column":16},"end":{"line":452,"column":29}},"loc":{"start":{"line":452,"column":69},"end":{"line":457,"column":null}}},"27":{"name":"getMatchingOption","decl":{"start":{"line":460,"column":16},"end":{"line":460,"column":33}},"loc":{"start":{"line":463,"column":49},"end":{"line":517,"column":null}}},"28":{"name":"(anonymous_28)","decl":{"start":{"line":479,"column":51},"end":{"line":479,"column":54}},"loc":{"start":{"line":479,"column":60},"end":{"line":481,"column":10}}},"29":{"name":"mergeDefaultsWithFormData","decl":{"start":{"line":519,"column":16},"end":{"line":519,"column":41}},"loc":{"start":{"line":519,"column":70},"end":{"line":542,"column":null}}},"30":{"name":"(anonymous_30)","decl":{"start":{"line":524,"column":24},"end":{"line":524,"column":25}},"loc":{"start":{"line":524,"column":39},"end":{"line":529,"column":5}}},"31":{"name":"(anonymous_31)","decl":{"start":{"line":532,"column":40},"end":{"line":532,"column":41}},"loc":{"start":{"line":532,"column":53},"end":{"line":538,"column":5}}},"32":{"name":"getDefaultFormState","decl":{"start":{"line":544,"column":16},"end":{"line":544,"column":35}},"loc":{"start":{"line":546,"column":15},"end":{"line":574,"column":null}}}},"branchMap":{"0":{"loc":{"start":{"line":10,"column":9},"end":{"line":10,"column":34}},"type":"binary-expr","locations":[{"start":{"line":10,"column":9},"end":{"line":10,"column":34}},{"start":{"line":10,"column":38},"end":{"line":10,"column":52}},{"start":{"line":10,"column":56},"end":{"line":10,"column":77}}]},"1":{"loc":{"start":{"line":14,"column":9},"end":{"line":14,"column":24}},"type":"binary-expr","locations":[{"start":{"line":14,"column":9},"end":{"line":14,"column":24}},{"start":{"line":14,"column":28},"end":{"line":14,"column":59}}]},"2":{"loc":{"start":{"line":40,"column":59},"end":{"line":40,"column":61}},"type":"default-arg","locations":[{"start":{"line":40,"column":59},"end":{"line":40,"column":61}}]},"3":{"loc":{"start":{"line":40,"column":74},"end":{"line":40,"column":76}},"type":"default-arg","locations":[{"start":{"line":40,"column":74},"end":{"line":40,"column":76}}]},"4":{"loc":{"start":{"line":46,"column":13},"end":{"line":46,"column":44}},"type":"binary-expr","locations":[{"start":{"line":46,"column":13},"end":{"line":46,"column":44}},{"start":{"line":46,"column":48},"end":{"line":46,"column":75}}]},"5":{"loc":{"start":{"line":61,"column":15},"end":{"line":61,"column":17}},"type":"default-arg","locations":[{"start":{"line":61,"column":15},"end":{"line":61,"column":17}}]},"6":{"loc":{"start":{"line":62,"column":18},"end":{"line":62,"column":20}},"type":"default-arg","locations":[{"start":{"line":62,"column":18},"end":{"line":62,"column":20}}]},"7":{"loc":{"start":{"line":84,"column":4},"end":{"line":84,"column":57}},"type":"binary-expr","locations":[{"start":{"line":84,"column":4},"end":{"line":84,"column":57}},{"start":{"line":85,"column":4},"end":{"line":85,"column":49}}]},"8":{"loc":{"start":{"line":101,"column":23},"end":{"line":101,"column":25}},"type":"default-arg","locations":[{"start":{"line":101,"column":23},"end":{"line":101,"column":25}}]},"9":{"loc":{"start":{"line":102,"column":18},"end":{"line":102,"column":20}},"type":"default-arg","locations":[{"start":{"line":102,"column":18},"end":{"line":102,"column":20}}]},"10":{"loc":{"start":{"line":160,"column":64},"end":{"line":160,"column":66}},"type":"default-arg","locations":[{"start":{"line":160,"column":64},"end":{"line":160,"column":66}}]},"11":{"loc":{"start":{"line":185,"column":25},"end":{"line":185,"column":27}},"type":"default-arg","locations":[{"start":{"line":185,"column":25},"end":{"line":185,"column":27}}]},"12":{"loc":{"start":{"line":213,"column":6},"end":{"line":213,"column":31}},"type":"binary-expr","locations":[{"start":{"line":213,"column":6},"end":{"line":213,"column":31}},{"start":{"line":214,"column":6},"end":{"line":214,"column":51}}]},"13":{"loc":{"start":{"line":246,"column":6},"end":{"line":246,"column":72}},"type":"cond-expr","locations":[{"start":{"line":246,"column":6},"end":{"line":246,"column":72}},{"start":{"line":247,"column":6},"end":{"line":247,"column":26}}]},"14":{"loc":{"start":{"line":274,"column":8},"end":{"line":274,"column":57}},"type":"cond-expr","locations":[{"start":{"line":274,"column":8},"end":{"line":274,"column":57}},{"start":{"line":275,"column":8},"end":{"line":275,"column":17}}]},"15":{"loc":{"start":{"line":307,"column":13},"end":{"line":307,"column":20}},"type":"binary-expr","locations":[{"start":{"line":307,"column":13},"end":{"line":307,"column":20}},{"start":{"line":307,"column":24},"end":{"line":307,"column":43}}]},"16":{"loc":{"start":{"line":336,"column":24},"end":{"line":336,"column":33}},"type":"cond-expr","locations":[{"start":{"line":336,"column":24},"end":{"line":336,"column":33}},{"start":{"line":336,"column":36},"end":{"line":336,"column":38}}]},"17":{"loc":{"start":{"line":338,"column":8},"end":{"line":338,"column":12}},"type":"binary-expr","locations":[{"start":{"line":338,"column":8},"end":{"line":338,"column":12}},{"start":{"line":338,"column":16},"end":{"line":338,"column":41}},{"start":{"line":338,"column":45},"end":{"line":338,"column":60}}]},"18":{"loc":{"start":{"line":341,"column":6},"end":{"line":341,"column":10}},"type":"binary-expr","locations":[{"start":{"line":341,"column":6},"end":{"line":341,"column":10}},{"start":{"line":342,"column":6},"end":{"line":342,"column":10}},{"start":{"line":343,"column":7},"end":{"line":343,"column":39}},{"start":{"line":343,"column":43},"end":{"line":343,"column":75}},{"start":{"line":344,"column":6},"end":{"line":344,"column":24}},{"start":{"line":345,"column":6},"end":{"line":345,"column":25}},{"start":{"line":346,"column":6},"end":{"line":346,"column":26}}]},"19":{"loc":{"start":{"line":370,"column":6},"end":{"line":370,"column":11}},"type":"binary-expr","locations":[{"start":{"line":370,"column":6},"end":{"line":370,"column":11}},{"start":{"line":370,"column":15},"end":{"line":370,"column":27}}]},"20":{"loc":{"start":{"line":374,"column":6},"end":{"line":374,"column":11}},"type":"binary-expr","locations":[{"start":{"line":374,"column":6},"end":{"line":374,"column":11}},{"start":{"line":374,"column":15},"end":{"line":374,"column":26}}]},"21":{"loc":{"start":{"line":378,"column":6},"end":{"line":378,"column":11}},"type":"binary-expr","locations":[{"start":{"line":378,"column":6},"end":{"line":378,"column":11}},{"start":{"line":378,"column":16},"end":{"line":378,"column":33}},{"start":{"line":378,"column":37},"end":{"line":378,"column":64}}]},"22":{"loc":{"start":{"line":383,"column":6},"end":{"line":383,"column":24}},"type":"binary-expr","locations":[{"start":{"line":383,"column":6},"end":{"line":383,"column":24}},{"start":{"line":383,"column":28},"end":{"line":383,"column":42}},{"start":{"line":383,"column":46},"end":{"line":383,"column":64}}]},"23":{"loc":{"start":{"line":436,"column":5},"end":{"line":436,"column":31}},"type":"binary-expr","locations":[{"start":{"line":436,"column":5},"end":{"line":436,"column":31}},{"start":{"line":436,"column":35},"end":{"line":436,"column":59}},{"start":{"line":437,"column":4},"end":{"line":437,"column":34}}]},"24":{"loc":{"start":{"line":441,"column":60},"end":{"line":441,"column":62}},"type":"default-arg","locations":[{"start":{"line":441,"column":60},"end":{"line":441,"column":62}}]},"25":{"loc":{"start":{"line":443,"column":21},"end":{"line":443,"column":33}},"type":"binary-expr","locations":[{"start":{"line":443,"column":21},"end":{"line":443,"column":33}},{"start":{"line":443,"column":37},"end":{"line":443,"column":49}}]},"26":{"loc":{"start":{"line":452,"column":67},"end":{"line":452,"column":69}},"type":"default-arg","locations":[{"start":{"line":452,"column":67},"end":{"line":452,"column":69}}]},"27":{"loc":{"start":{"line":453,"column":6},"end":{"line":453,"column":25}},"type":"binary-expr","locations":[{"start":{"line":453,"column":6},"end":{"line":453,"column":25}},{"start":{"line":453,"column":29},"end":{"line":453,"column":42}}]},"28":{"loc":{"start":{"line":534,"column":19},"end":{"line":534,"column":32}},"type":"cond-expr","locations":[{"start":{"line":534,"column":19},"end":{"line":534,"column":32}},{"start":{"line":534,"column":35},"end":{"line":534,"column":37}}]},"29":{"loc":{"start":{"line":567,"column":6},"end":{"line":567,"column":24}},"type":"binary-expr","locations":[{"start":{"line":567,"column":6},"end":{"line":567,"column":24}},{"start":{"line":567,"column":28},"end":{"line":567,"column":51}}]},"30":{"loc":{"start":{"line":570,"column":6},"end":{"line":570,"column":20}},"type":"binary-expr","locations":[{"start":{"line":570,"column":6},"end":{"line":570,"column":20}},{"start":{"line":570,"column":24},"end":{"line":570,"column":42}},{"start":{"line":570,"column":46},"end":{"line":570,"column":61}}]},"31":{"loc":{"start":{"line":573,"column":9},"end":{"line":573,"column":17}},"type":"binary-expr","locations":[{"start":{"line":573,"column":9},"end":{"line":573,"column":17}},{"start":{"line":573,"column":21},"end":{"line":573,"column":29}}]}},"s":{"0":3,"1":3,"2":3,"3":3,"4":29,"5":0,"6":60,"7":3,"8":0,"9":0,"10":0,"11":0,"12":0,"13":0,"14":0,"15":20,"16":0,"17":20,"18":0,"19":0,"20":0,"21":0,"22":20,"23":0,"24":20,"25":3,"26":3,"27":0,"28":0,"29":0,"30":0,"31":0,"32":0,"33":0,"34":0,"35":0,"36":0,"37":0,"38":0,"39":0,"40":0,"41":0,"42":0,"43":0,"44":0,"45":0,"46":0,"47":0,"48":0,"49":0,"50":0,"51":0,"52":0,"53":0,"54":0,"55":0,"56":0,"57":0,"58":0,"59":0,"60":0,"61":0,"62":0,"63":0,"64":0,"65":0,"66":0,"67":0,"68":0,"69":0,"70":0,"71":0,"72":0,"73":0,"74":0,"75":0,"76":0,"77":0,"78":0,"79":0,"80":0,"81":0,"82":0,"83":0,"84":0,"85":0,"86":0,"87":0,"88":0,"89":0,"90":0,"91":0,"92":0,"93":0,"94":0,"95":3,"96":0,"97":0,"98":0,"99":0,"100":0,"101":0,"102":0,"103":3,"104":0,"105":0,"106":0,"107":0,"108":0,"109":0,"110":0,"111":0,"112":0,"113":0,"114":0,"115":0,"116":0,"117":0,"118":0,"119":0,"120":0,"121":0,"122":0,"123":0,"124":0,"125":0,"126":0,"127":0,"128":0,"129":0,"130":0,"131":0,"132":0,"133":0,"134":0,"135":0,"136":0,"137":0,"138":0,"139":0,"140":0,"141":0},"f":{"0":29,"1":0,"2":60,"3":0,"4":20,"5":0,"6":20,"7":0,"8":0,"9":0,"10":0,"11":0,"12":0,"13":0,"14":0,"15":0,"16":0,"17":0,"18":0,"19":0,"20":0,"21":0,"22":0,"23":0,"24":0,"25":0,"26":0,"27":0,"28":0,"29":0,"30":0,"31":0,"32":0},"b":{"0":[29,29,29],"1":[0,0],"2":[0],"3":[0],"4":[20,0],"5":[0],"6":[8],"7":[20,0],"8":[0],"9":[0],"10":[0],"11":[0],"12":[0,0],"13":[0,0],"14":[0,0],"15":[0,0],"16":[0,0],"17":[0,0,0],"18":[0,0,0,0,0,0,0],"19":[0,0],"20":[0,0],"21":[0,0,0],"22":[0,0,0],"23":[0,0,0],"24":[0],"25":[0,0],"26":[0],"27":[0,0],"28":[0,0],"29":[0,0],"30":[0,0,0],"31":[0,0]}}
,"D:\\学习资料\\typeScript\\vue3-ts-components\\lib\\fields\\ArrayField.tsx": {"path":"D:\\学习资料\\typeScript\\vue3-ts-components\\lib\\fields\\ArrayField.tsx","statementMap":{"0":{"start":{"line":1,"column":0},"end":{"line":1,"column":null}},"1":{"start":{"line":2,"column":0},"end":{"line":2,"column":null}},"2":{"start":{"line":3,"column":0},"end":{"line":3,"column":null}},"3":{"start":{"line":4,"column":0},"end":{"line":4,"column":null}},"4":{"start":{"line":5,"column":0},"end":{"line":5,"column":null}},"5":{"start":{"line":10,"column":18},"end":{"line":27,"column":2}},"6":{"start":{"line":29,"column":25},"end":{"line":84,"column":2}},"7":{"start":{"line":54,"column":23},"end":{"line":54,"column":34}},"8":{"start":{"line":56,"column":22},"end":{"line":56,"column":52}},"9":{"start":{"line":56,"column":28},"end":{"line":56,"column":52}},"10":{"start":{"line":57,"column":23},"end":{"line":57,"column":54}},"11":{"start":{"line":57,"column":29},"end":{"line":57,"column":54}},"12":{"start":{"line":58,"column":21},"end":{"line":58,"column":50}},"13":{"start":{"line":58,"column":27},"end":{"line":58,"column":50}},"14":{"start":{"line":59,"column":25},"end":{"line":59,"column":58}},"15":{"start":{"line":59,"column":31},"end":{"line":59,"column":58}},"16":{"start":{"line":61,"column":4},"end":{"line":82,"column":null}},"17":{"start":{"line":62,"column":22},"end":{"line":62,"column":38}},"18":{"start":{"line":63,"column":6},"end":{"line":79,"column":null}},"19":{"start":{"line":102,"column":15},"end":{"line":215,"column":2}},"20":{"start":{"line":106,"column":35},"end":{"line":110,"column":5}},"21":{"start":{"line":107,"column":25},"end":{"line":107,"column":70}},"22":{"start":{"line":108,"column":6},"end":{"line":108,"column":null}},"23":{"start":{"line":109,"column":6},"end":{"line":109,"column":null}},"24":{"start":{"line":112,"column":23},"end":{"line":118,"column":5}},"25":{"start":{"line":113,"column":24},"end":{"line":113,"column":29}},"26":{"start":{"line":114,"column":18},"end":{"line":114,"column":51}},"27":{"start":{"line":116,"column":6},"end":{"line":116,"column":null}},"28":{"start":{"line":117,"column":6},"end":{"line":117,"column":null}},"29":{"start":{"line":120,"column":26},"end":{"line":127,"column":5}},"30":{"start":{"line":121,"column":24},"end":{"line":121,"column":29}},"31":{"start":{"line":122,"column":18},"end":{"line":122,"column":51}},"32":{"start":{"line":124,"column":6},"end":{"line":124,"column":null}},"33":{"start":{"line":126,"column":6},"end":{"line":126,"column":null}},"34":{"start":{"line":129,"column":22},"end":{"line":138,"column":5}},"35":{"start":{"line":130,"column":6},"end":{"line":130,"column":null}},"36":{"start":{"line":130,"column":23},"end":{"line":130,"column":null}},"37":{"start":{"line":131,"column":24},"end":{"line":131,"column":29}},"38":{"start":{"line":132,"column":18},"end":{"line":132,"column":51}},"39":{"start":{"line":134,"column":19},"end":{"line":134,"column":39}},"40":{"start":{"line":135,"column":6},"end":{"line":135,"column":null}},"41":{"start":{"line":137,"column":6},"end":{"line":137,"column":null}},"42":{"start":{"line":140,"column":24},"end":{"line":150,"column":5}},"43":{"start":{"line":141,"column":24},"end":{"line":141,"column":29}},"44":{"start":{"line":142,"column":18},"end":{"line":142,"column":51}},"45":{"start":{"line":144,"column":6},"end":{"line":144,"column":null}},"46":{"start":{"line":144,"column":36},"end":{"line":144,"column":null}},"47":{"start":{"line":146,"column":19},"end":{"line":146,"column":39}},"48":{"start":{"line":147,"column":6},"end":{"line":147,"column":null}},"49":{"start":{"line":149,"column":6},"end":{"line":149,"column":null}},"50":{"start":{"line":152,"column":31},"end":{"line":152,"column":78}},"51":{"start":{"line":153,"column":4},"end":{"line":213,"column":null}},"52":{"start":{"line":154,"column":44},"end":{"line":154,"column":49}},"53":{"start":{"line":155,"column":22},"end":{"line":155,"column":38}},"54":{"start":{"line":156,"column":25},"end":{"line":156,"column":43}},"55":{"start":{"line":157,"column":30},"end":{"line":157,"column":54}},"56":{"start":{"line":159,"column":26},"end":{"line":159,"column":53}},"57":{"start":{"line":161,"column":23},"end":{"line":161,"column":65}},"58":{"start":{"line":162,"column":18},"end":{"line":162,"column":51}},"59":{"start":{"line":165,"column":32},"end":{"line":165,"column":51}},"60":{"start":{"line":166,"column":8},"end":{"line":174,"column":null}},"61":{"start":{"line":166,"column":50},"end":{"line":172,"column":null}},"62":{"start":{"line":172,"column":34},"end":{"line":172,"column":66}},"63":{"start":{"line":176,"column":8},"end":{"line":198,"column":null}},"64":{"start":{"line":177,"column":10},"end":{"line":194,"column":null}},"65":{"start":{"line":185,"column":24},"end":{"line":194,"column":null}},"66":{"start":{"line":193,"column":18},"end":{"line":193,"column":null}},"67":{"start":{"line":200,"column":29},"end":{"line":200,"column":54}},"68":{"start":{"line":201,"column":24},"end":{"line":204,"column":11}},"69":{"start":{"line":201,"column":53},"end":{"line":204,"column":10}},"70":{"start":{"line":205,"column":8},"end":{"line":209,"column":null}},"71":{"start":{"line":215,"column":2},"end":{"line":215,"column":null}}},"fnMap":{"0":{"name":"(anonymous_0)","decl":{"start":{"line":53,"column":2},"end":{"line":53,"column":7}},"loc":{"start":{"line":53,"column":24},"end":{"line":83,"column":null}}},"1":{"name":"(anonymous_1)","decl":{"start":{"line":56,"column":22},"end":{"line":56,"column":28}},"loc":{"start":{"line":56,"column":28},"end":{"line":56,"column":52}}},"2":{"name":"(anonymous_2)","decl":{"start":{"line":57,"column":23},"end":{"line":57,"column":29}},"loc":{"start":{"line":57,"column":29},"end":{"line":57,"column":54}}},"3":{"name":"(anonymous_3)","decl":{"start":{"line":58,"column":21},"end":{"line":58,"column":27}},"loc":{"start":{"line":58,"column":27},"end":{"line":58,"column":50}}},"4":{"name":"(anonymous_4)","decl":{"start":{"line":59,"column":25},"end":{"line":59,"column":31}},"loc":{"start":{"line":59,"column":31},"end":{"line":59,"column":58}}},"5":{"name":"(anonymous_5)","decl":{"start":{"line":61,"column":11},"end":{"line":61,"column":16}},"loc":{"start":{"line":61,"column":16},"end":{"line":82,"column":5}}},"6":{"name":"(anonymous_6)","decl":{"start":{"line":105,"column":2},"end":{"line":105,"column":7}},"loc":{"start":{"line":105,"column":13},"end":{"line":214,"column":null}}},"7":{"name":"(anonymous_7)","decl":{"start":{"line":106,"column":35},"end":{"line":106,"column":36}},"loc":{"start":{"line":106,"column":61},"end":{"line":110,"column":5}}},"8":{"name":"(anonymous_8)","decl":{"start":{"line":112,"column":23},"end":{"line":112,"column":36}},"loc":{"start":{"line":112,"column":40},"end":{"line":118,"column":5}}},"9":{"name":"(anonymous_9)","decl":{"start":{"line":120,"column":26},"end":{"line":120,"column":39}},"loc":{"start":{"line":120,"column":43},"end":{"line":127,"column":5}}},"10":{"name":"(anonymous_10)","decl":{"start":{"line":129,"column":22},"end":{"line":129,"column":35}},"loc":{"start":{"line":129,"column":39},"end":{"line":138,"column":5}}},"11":{"name":"(anonymous_11)","decl":{"start":{"line":140,"column":24},"end":{"line":140,"column":37}},"loc":{"start":{"line":140,"column":41},"end":{"line":150,"column":5}}},"12":{"name":"(anonymous_12)","decl":{"start":{"line":153,"column":11},"end":{"line":153,"column":16}},"loc":{"start":{"line":153,"column":16},"end":{"line":213,"column":5}}},"13":{"name":"(anonymous_13)","decl":{"start":{"line":166,"column":25},"end":{"line":166,"column":26}},"loc":{"start":{"line":166,"column":50},"end":{"line":172,"column":null}}},"14":{"name":"(anonymous_14)","decl":{"start":{"line":172,"column":23},"end":{"line":172,"column":29}},"loc":{"start":{"line":172,"column":34},"end":{"line":172,"column":66}}},"15":{"name":"(anonymous_15)","decl":{"start":{"line":176,"column":23},"end":{"line":176,"column":24}},"loc":{"start":{"line":176,"column":49},"end":{"line":198,"column":9}}},"16":{"name":"(anonymous_16)","decl":{"start":{"line":185,"column":24},"end":{"line":185,"column":null}},"loc":{"start":{"line":185,"column":24},"end":{"line":194,"column":null}}},"17":{"name":"(anonymous_17)","decl":{"start":{"line":192,"column":27},"end":{"line":192,"column":33}},"loc":{"start":{"line":192,"column":37},"end":{"line":194,"column":17}}},"18":{"name":"(anonymous_18)","decl":{"start":{"line":201,"column":41},"end":{"line":201,"column":47}},"loc":{"start":{"line":201,"column":53},"end":{"line":204,"column":10}}}},"branchMap":{"0":{"loc":{"start":{"line":79,"column":40},"end":{"line":79,"column":53}},"type":"binary-expr","locations":[{"start":{"line":79,"column":40},"end":{"line":79,"column":53}},{"start":{"line":79,"column":57},"end":{"line":79,"column":72}}]},"1":{"loc":{"start":{"line":107,"column":54},"end":{"line":107,"column":65}},"type":"cond-expr","locations":[{"start":{"line":107,"column":54},"end":{"line":107,"column":65}},{"start":{"line":107,"column":68},"end":{"line":107,"column":70}}]},"2":{"loc":{"start":{"line":114,"column":41},"end":{"line":114,"column":46}},"type":"cond-expr","locations":[{"start":{"line":114,"column":41},"end":{"line":114,"column":46}},{"start":{"line":114,"column":49},"end":{"line":114,"column":51}}]},"3":{"loc":{"start":{"line":122,"column":41},"end":{"line":122,"column":46}},"type":"cond-expr","locations":[{"start":{"line":122,"column":41},"end":{"line":122,"column":46}},{"start":{"line":122,"column":49},"end":{"line":122,"column":51}}]},"4":{"loc":{"start":{"line":130,"column":6},"end":{"line":130,"column":null}},"type":"if","locations":[{"start":{"line":130,"column":6},"end":{"line":130,"column":null}},{"start":{"line":130,"column":6},"end":{"line":130,"column":null}}]},"5":{"loc":{"start":{"line":132,"column":41},"end":{"line":132,"column":46}},"type":"cond-expr","locations":[{"start":{"line":132,"column":41},"end":{"line":132,"column":46}},{"start":{"line":132,"column":49},"end":{"line":132,"column":51}}]},"6":{"loc":{"start":{"line":142,"column":41},"end":{"line":142,"column":46}},"type":"cond-expr","locations":[{"start":{"line":142,"column":41},"end":{"line":142,"column":46}},{"start":{"line":142,"column":49},"end":{"line":142,"column":51}}]},"7":{"loc":{"start":{"line":144,"column":6},"end":{"line":144,"column":null}},"type":"if","locations":[{"start":{"line":144,"column":6},"end":{"line":144,"column":null}},{"start":{"line":144,"column":6},"end":{"line":144,"column":null}}]},"8":{"loc":{"start":{"line":161,"column":23},"end":{"line":161,"column":35}},"type":"binary-expr","locations":[{"start":{"line":161,"column":23},"end":{"line":161,"column":35}},{"start":{"line":161,"column":40},"end":{"line":161,"column":65}}]},"9":{"loc":{"start":{"line":162,"column":41},"end":{"line":162,"column":46}},"type":"cond-expr","locations":[{"start":{"line":162,"column":41},"end":{"line":162,"column":46}},{"start":{"line":162,"column":49},"end":{"line":162,"column":51}}]}},"s":{"0":3,"1":3,"2":3,"3":3,"4":3,"5":3,"6":3,"7":2,"8":2,"9":0,"10":2,"11":0,"12":2,"13":0,"14":2,"15":0,"16":2,"17":2,"18":2,"19":3,"20":3,"21":0,"22":0,"23":0,"24":3,"25":0,"26":0,"27":0,"28":0,"29":3,"30":0,"31":0,"32":0,"33":0,"34":3,"35":0,"36":0,"37":0,"38":0,"39":0,"40":0,"41":0,"42":3,"43":0,"44":0,"45":0,"46":0,"47":0,"48":0,"49":0,"50":3,"51":3,"52":3,"53":3,"54":3,"55":3,"56":3,"57":3,"58":3,"59":1,"60":1,"61":2,"62":0,"63":1,"64":2,"65":2,"66":0,"67":1,"68":1,"69":3,"70":1,"71":3},"f":{"0":2,"1":0,"2":0,"3":0,"4":0,"5":2,"6":3,"7":0,"8":0,"9":0,"10":0,"11":0,"12":3,"13":2,"14":0,"15":2,"16":2,"17":0,"18":3},"b":{"0":[2,2],"1":[0,0],"2":[0,0],"3":[0,0],"4":[0,0],"5":[0,0],"6":[0,0],"7":[0,0],"8":[3,3],"9":[3,0]}}
,"D:\\学习资料\\typeScript\\vue3-ts-components\\lib\\fields\\NumberField.tsx": {"path":"D:\\学习资料\\typeScript\\vue3-ts-components\\lib\\fields\\NumberField.tsx","statementMap":{"0":{"start":{"line":1,"column":0},"end":{"line":1,"column":null}},"1":{"start":{"line":2,"column":0},"end":{"line":2,"column":42}},"2":{"start":{"line":3,"column":15},"end":{"line":22,"column":2}},"3":{"start":{"line":7,"column":4},"end":{"line":7,"column":null}},"4":{"start":{"line":8,"column":26},"end":{"line":16,"column":5}},"5":{"start":{"line":9,"column":18},"end":{"line":9,"column":40}},"6":{"start":{"line":12,"column":8},"end":{"line":12,"column":null}},"7":{"start":{"line":14,"column":8},"end":{"line":14,"column":null}},"8":{"start":{"line":17,"column":4},"end":{"line":20,"column":null}},"9":{"start":{"line":18,"column":24},"end":{"line":18,"column":29}},"10":{"start":{"line":19,"column":6},"end":{"line":19,"column":null}},"11":{"start":{"line":22,"column":2},"end":{"line":22,"column":null}}},"fnMap":{"0":{"name":"(anonymous_0)","decl":{"start":{"line":6,"column":2},"end":{"line":6,"column":7}},"loc":{"start":{"line":6,"column":31},"end":{"line":21,"column":null}}},"1":{"name":"(anonymous_1)","decl":{"start":{"line":8,"column":26},"end":{"line":8,"column":32}},"loc":{"start":{"line":8,"column":36},"end":{"line":16,"column":5}}},"2":{"name":"(anonymous_2)","decl":{"start":{"line":17,"column":11},"end":{"line":17,"column":16}},"loc":{"start":{"line":17,"column":16},"end":{"line":20,"column":5}}}},"branchMap":{},"s":{"0":3,"1":3,"2":3,"3":5,"4":5,"5":1,"6":0,"7":1,"8":5,"9":8,"10":8,"11":3},"f":{"0":5,"1":1,"2":8},"b":{}}
,"D:\\学习资料\\typeScript\\vue3-ts-components\\lib\\fields\\ObjectField.tsx": {"path":"D:\\学习资料\\typeScript\\vue3-ts-components\\lib\\fields\\ObjectField.tsx","statementMap":{"0":{"start":{"line":1,"column":0},"end":{"line":1,"column":null}},"1":{"start":{"line":2,"column":0},"end":{"line":2,"column":null}},"2":{"start":{"line":3,"column":0},"end":{"line":3,"column":null}},"3":{"start":{"line":4,"column":0},"end":{"line":4,"column":35}},"4":{"start":{"line":6,"column":15},"end":{"line":43,"column":2}},"5":{"start":{"line":10,"column":4},"end":{"line":41,"column":null}},"6":{"start":{"line":11,"column":44},"end":{"line":11,"column":49}},"7":{"start":{"line":12,"column":22},"end":{"line":12,"column":38}},"8":{"start":{"line":13,"column":29},"end":{"line":13,"column":36}},"9":{"start":{"line":14,"column":32},"end":{"line":14,"column":60}},"10":{"start":{"line":15,"column":25},"end":{"line":15,"column":48}},"11":{"start":{"line":17,"column":38},"end":{"line":28,"column":7}},"12":{"start":{"line":18,"column":27},"end":{"line":18,"column":67}},"13":{"start":{"line":22,"column":10},"end":{"line":22,"column":null}},"14":{"start":{"line":24,"column":10},"end":{"line":24,"column":null}},"15":{"start":{"line":27,"column":8},"end":{"line":27,"column":null}},"16":{"start":{"line":30,"column":6},"end":{"line":40,"column":null}},"17":{"start":{"line":31,"column":8},"end":{"line":37,"column":null}},"18":{"start":{"line":37,"column":34},"end":{"line":37,"column":65}},"19":{"start":{"line":43,"column":2},"end":{"line":43,"column":null}}},"fnMap":{"0":{"name":"(anonymous_0)","decl":{"start":{"line":9,"column":2},"end":{"line":9,"column":7}},"loc":{"start":{"line":9,"column":13},"end":{"line":42,"column":null}}},"1":{"name":"(anonymous_1)","decl":{"start":{"line":10,"column":11},"end":{"line":10,"column":16}},"loc":{"start":{"line":10,"column":16},"end":{"line":41,"column":5}}},"2":{"name":"(anonymous_2)","decl":{"start":{"line":17,"column":38},"end":{"line":17,"column":39}},"loc":{"start":{"line":17,"column":62},"end":{"line":28,"column":7}}},"3":{"name":"(anonymous_3)","decl":{"start":{"line":30,"column":41},"end":{"line":30,"column":42}},"loc":{"start":{"line":30,"column":56},"end":{"line":40,"column":7}}},"4":{"name":"(anonymous_4)","decl":{"start":{"line":37,"column":23},"end":{"line":37,"column":29}},"loc":{"start":{"line":37,"column":34},"end":{"line":37,"column":65}}}},"branchMap":{"0":{"loc":{"start":{"line":14,"column":50},"end":{"line":14,"column":55}},"type":"cond-expr","locations":[{"start":{"line":14,"column":50},"end":{"line":14,"column":55}},{"start":{"line":14,"column":58},"end":{"line":14,"column":60}}]},"1":{"loc":{"start":{"line":15,"column":25},"end":{"line":15,"column":42}},"type":"binary-expr","locations":[{"start":{"line":15,"column":25},"end":{"line":15,"column":42}},{"start":{"line":15,"column":46},"end":{"line":15,"column":48}}]},"2":{"loc":{"start":{"line":18,"column":51},"end":{"line":18,"column":62}},"type":"cond-expr","locations":[{"start":{"line":18,"column":51},"end":{"line":18,"column":62}},{"start":{"line":18,"column":65},"end":{"line":18,"column":67}}]}},"s":{"0":3,"1":3,"2":3,"3":3,"4":3,"5":3,"6":6,"7":6,"8":6,"9":6,"10":6,"11":6,"12":3,"13":1,"14":2,"15":3,"16":6,"17":12,"18":3,"19":3},"f":{"0":3,"1":6,"2":3,"3":12,"4":3},"b":{"0":[6,0],"1":[6,0],"2":[3,0]}}
,"D:\\学习资料\\typeScript\\vue3-ts-components\\lib\\fields\\StringField.tsx": {"path":"D:\\学习资料\\typeScript\\vue3-ts-components\\lib\\fields\\StringField.tsx","statementMap":{"0":{"start":{"line":1,"column":0},"end":{"line":1,"column":null}},"1":{"start":{"line":2,"column":0},"end":{"line":2,"column":50}},"2":{"start":{"line":3,"column":15},"end":{"line":16,"column":2}},"3":{"start":{"line":7,"column":26},"end":{"line":10,"column":5}},"4":{"start":{"line":8,"column":6},"end":{"line":8,"column":null}},"5":{"start":{"line":9,"column":6},"end":{"line":9,"column":null}},"6":{"start":{"line":11,"column":4},"end":{"line":14,"column":null}},"7":{"start":{"line":12,"column":24},"end":{"line":12,"column":29}},"8":{"start":{"line":13,"column":6},"end":{"line":13,"column":null}},"9":{"start":{"line":16,"column":2},"end":{"line":16,"column":null}}},"fnMap":{"0":{"name":"(anonymous_0)","decl":{"start":{"line":6,"column":2},"end":{"line":6,"column":7}},"loc":{"start":{"line":6,"column":31},"end":{"line":15,"column":null}}},"1":{"name":"(anonymous_1)","decl":{"start":{"line":7,"column":26},"end":{"line":7,"column":32}},"loc":{"start":{"line":7,"column":36},"end":{"line":10,"column":5}}},"2":{"name":"(anonymous_2)","decl":{"start":{"line":11,"column":11},"end":{"line":11,"column":16}},"loc":{"start":{"line":11,"column":16},"end":{"line":14,"column":5}}}},"branchMap":{},"s":{"0":3,"1":3,"2":3,"3":6,"4":0,"5":0,"6":6,"7":9,"8":9,"9":3},"f":{"0":6,"1":0,"2":9},"b":{}}
,"D:\\学习资料\\typeScript\\vue3-ts-components\\lib\\theme-default\\Selections.tsx": {"path":"D:\\学习资料\\typeScript\\vue3-ts-components\\lib\\theme-default\\Selections.tsx","statementMap":{"0":{"start":{"line":1,"column":0},"end":{"line":1,"column":null}},"1":{"start":{"line":2,"column":0},"end":{"line":2,"column":52}},"2":{"start":{"line":3,"column":15},"end":{"line":34,"column":2}},"3":{"start":{"line":8,"column":26},"end":{"line":8,"column":42}},"4":{"start":{"line":9,"column":4},"end":{"line":13,"column":null}},"5":{"start":{"line":11,"column":8},"end":{"line":11,"column":null}},"6":{"start":{"line":15,"column":4},"end":{"line":22,"column":null}},"7":{"start":{"line":16,"column":12},"end":{"line":16,"column":23}},"8":{"start":{"line":19,"column":10},"end":{"line":19,"column":null}},"9":{"start":{"line":23,"column":4},"end":{"line":32,"column":null}},"10":{"start":{"line":24,"column":22},"end":{"line":24,"column":35}},"11":{"start":{"line":25,"column":6},"end":{"line":26,"column":null}},"12":{"start":{"line":26,"column":41},"end":{"line":26,"column":null}},"13":{"start":{"line":27,"column":26},"end":{"line":28,"column":null}},"14":{"start":{"line":34,"column":2},"end":{"line":34,"column":null}}},"fnMap":{"0":{"name":"(anonymous_0)","decl":{"start":{"line":6,"column":2},"end":{"line":6,"column":7}},"loc":{"start":{"line":6,"column":18},"end":{"line":33,"column":null}}},"1":{"name":"(anonymous_1)","decl":{"start":{"line":9,"column":27},"end":{"line":9,"column":28}},"loc":{"start":{"line":9,"column":42},"end":{"line":13,"column":5}}},"2":{"name":"(anonymous_2)","decl":{"start":{"line":16,"column":6},"end":{"line":16,"column":12}},"loc":{"start":{"line":16,"column":12},"end":{"line":16,"column":23}}},"3":{"name":"(anonymous_3)","decl":{"start":{"line":17,"column":6},"end":{"line":17,"column":7}},"loc":{"start":{"line":17,"column":21},"end":{"line":21,"column":7}}},"4":{"name":"(anonymous_4)","decl":{"start":{"line":23,"column":11},"end":{"line":23,"column":16}},"loc":{"start":{"line":23,"column":16},"end":{"line":32,"column":5}}},"5":{"name":"(anonymous_5)","decl":{"start":{"line":26,"column":30},"end":{"line":26,"column":41}},"loc":{"start":{"line":26,"column":41},"end":{"line":26,"column":null}}},"6":{"name":"(anonymous_6)","decl":{"start":{"line":27,"column":24},"end":{"line":27,"column":26}},"loc":{"start":{"line":27,"column":26},"end":{"line":28,"column":null}}}},"branchMap":{},"s":{"0":1,"1":1,"2":1,"3":1,"4":1,"5":0,"6":1,"7":1,"8":0,"9":1,"10":1,"11":1,"12":0,"13":3,"14":1},"f":{"0":1,"1":0,"2":1,"3":0,"4":1,"5":0,"6":3},"b":{}}
,"D:\\学习资料\\typeScript\\vue3-ts-components\\lib\\theme-default\\index.tsx": {"path":"D:\\学习资料\\typeScript\\vue3-ts-components\\lib\\theme-default\\index.tsx","statementMap":{"0":{"start":{"line":1,"column":0},"end":{"line":1,"column":null}},"1":{"start":{"line":2,"column":0},"end":{"line":2,"column":null}},"2":{"start":{"line":3,"column":0},"end":{"line":3,"column":null}},"3":{"start":{"line":5,"column":41},"end":{"line":11,"column":2}},"4":{"start":{"line":9,"column":4},"end":{"line":9,"column":null}},"5":{"start":{"line":9,"column":17},"end":{"line":9,"column":21}},"6":{"start":{"line":13,"column":15},"end":{"line":19,"column":null}},"7":{"start":{"line":19,"column":1},"end":{"line":19,"column":null}}},"fnMap":{"0":{"name":"(anonymous_0)","decl":{"start":{"line":8,"column":2},"end":{"line":8,"column":7}},"loc":{"start":{"line":8,"column":7},"end":{"line":10,"column":null}}},"1":{"name":"(anonymous_1)","decl":{"start":{"line":9,"column":11},"end":{"line":9,"column":17}},"loc":{"start":{"line":9,"column":17},"end":{"line":9,"column":21}}}},"branchMap":{},"s":{"0":1,"1":1,"2":1,"3":1,"4":0,"5":0,"6":1,"7":1},"f":{"0":0,"1":0},"b":{}}
,"D:\\学习资料\\typeScript\\vue3-ts-components\\lib\\widgets\\Selections.tsx": {"path":"D:\\学习资料\\typeScript\\vue3-ts-components\\lib\\widgets\\Selections.tsx","statementMap":{"0":{"start":{"line":1,"column":0},"end":{"line":1,"column":59}},"1":{"start":{"line":2,"column":15},"end":{"line":50,"column":2}},"2":{"start":{"line":24,"column":26},"end":{"line":24,"column":42}},"3":{"start":{"line":25,"column":4},"end":{"line":29,"column":null}},"4":{"start":{"line":27,"column":8},"end":{"line":27,"column":null}},"5":{"start":{"line":31,"column":4},"end":{"line":38,"column":null}},"6":{"start":{"line":32,"column":12},"end":{"line":32,"column":23}},"7":{"start":{"line":35,"column":10},"end":{"line":35,"column":null}},"8":{"start":{"line":39,"column":4},"end":{"line":48,"column":null}},"9":{"start":{"line":40,"column":22},"end":{"line":40,"column":35}},"10":{"start":{"line":41,"column":6},"end":{"line":42,"column":null}},"11":{"start":{"line":42,"column":41},"end":{"line":42,"column":null}},"12":{"start":{"line":43,"column":26},"end":{"line":44,"column":null}},"13":{"start":{"line":50,"column":2},"end":{"line":50,"column":null}}},"fnMap":{"0":{"name":"(anonymous_0)","decl":{"start":{"line":22,"column":2},"end":{"line":22,"column":7}},"loc":{"start":{"line":22,"column":18},"end":{"line":49,"column":null}}},"1":{"name":"(anonymous_1)","decl":{"start":{"line":25,"column":27},"end":{"line":25,"column":28}},"loc":{"start":{"line":25,"column":42},"end":{"line":29,"column":5}}},"2":{"name":"(anonymous_2)","decl":{"start":{"line":32,"column":6},"end":{"line":32,"column":12}},"loc":{"start":{"line":32,"column":12},"end":{"line":32,"column":23}}},"3":{"name":"(anonymous_3)","decl":{"start":{"line":33,"column":6},"end":{"line":33,"column":7}},"loc":{"start":{"line":33,"column":21},"end":{"line":37,"column":7}}},"4":{"name":"(anonymous_4)","decl":{"start":{"line":39,"column":11},"end":{"line":39,"column":16}},"loc":{"start":{"line":39,"column":16},"end":{"line":48,"column":5}}},"5":{"name":"(anonymous_5)","decl":{"start":{"line":42,"column":30},"end":{"line":42,"column":41}},"loc":{"start":{"line":42,"column":41},"end":{"line":42,"column":null}}},"6":{"name":"(anonymous_6)","decl":{"start":{"line":43,"column":24},"end":{"line":43,"column":26}},"loc":{"start":{"line":43,"column":26},"end":{"line":44,"column":null}}}},"branchMap":{},"s":{"0":3,"1":3,"2":0,"3":0,"4":0,"5":0,"6":0,"7":0,"8":0,"9":0,"10":0,"11":0,"12":0,"13":3},"f":{"0":0,"1":0,"2":0,"3":0,"4":0,"5":0,"6":0},"b":{}}
,"D:\\学习资料\\typeScript\\vue3-ts-components\\tests\\unit\\utils\\TestComponent.tsx": {"path":"D:\\学习资料\\typeScript\\vue3-ts-components\\tests\\unit\\utils\\TestComponent.tsx","statementMap":{"0":{"start":{"line":1,"column":0},"end":{"line":1,"column":null}},"1":{"start":{"line":2,"column":0},"end":{"line":2,"column":null}},"2":{"start":{"line":3,"column":0},"end":{"line":3,"column":null}},"3":{"start":{"line":9,"column":36},"end":{"line":17,"column":2}},"4":{"start":{"line":11,"column":4},"end":{"line":15,"column":null}},"5":{"start":{"line":11,"column":11},"end":{"line":13,"column":null}},"6":{"start":{"line":12,"column":40},"end":{"line":13,"column":null}},"7":{"start":{"line":17,"column":2},"end":{"line":17,"column":null}},"8":{"start":{"line":19,"column":15},"end":{"line":41,"column":2}},"9":{"start":{"line":35,"column":4},"end":{"line":39,"column":null}},"10":{"start":{"line":35,"column":11},"end":{"line":37,"column":null}},"11":{"start":{"line":41,"column":2},"end":{"line":41,"column":null}}},"fnMap":{"0":{"name":"(anonymous_0)","decl":{"start":{"line":10,"column":2},"end":{"line":10,"column":7}},"loc":{"start":{"line":10,"column":20},"end":{"line":16,"column":null}}},"1":{"name":"(anonymous_1)","decl":{"start":{"line":11,"column":11},"end":{"line":11,"column":null}},"loc":{"start":{"line":11,"column":11},"end":{"line":13,"column":null}}},"2":{"name":"(anonymous_2)","decl":{"start":{"line":12,"column":40},"end":{"line":12,"column":null}},"loc":{"start":{"line":12,"column":40},"end":{"line":13,"column":null}}},"3":{"name":"(anonymous_3)","decl":{"start":{"line":34,"column":2},"end":{"line":34,"column":7}},"loc":{"start":{"line":34,"column":13},"end":{"line":40,"column":null}}},"4":{"name":"(anonymous_4)","decl":{"start":{"line":35,"column":11},"end":{"line":35,"column":null}},"loc":{"start":{"line":35,"column":11},"end":{"line":37,"column":null}}}},"branchMap":{"0":{"loc":{"start":{"line":13,"column":9},"end":{"line":13,"column":22}},"type":"binary-expr","locations":[{"start":{"line":13,"column":9},"end":{"line":13,"column":22}},{"start":{"line":13,"column":26},"end":{"line":13,"column":41}}]}},"s":{"0":1,"1":1,"2":1,"3":1,"4":3,"5":3,"6":3,"7":1,"8":1,"9":3,"10":6,"11":1},"f":{"0":3,"1":3,"2":3,"3":3,"4":6},"b":{"0":[3,3]}}
}
