TN:
SF:D:\学习资料\typeScript\vue3-ts-components\lib\SchemaFrom.tsx
FN:20,(anonymous_0)
FN:22,(anonymous_1)
FN:24,(anonymous_2)
FNF:3
FNH:3
FNDA:7,(anonymous_0)
FNDA:7,(anonymous_1)
FNDA:4,(anonymous_2)
DA:1,3
DA:3,3
DA:4,3
DA:5,3
DA:21,7
DA:22,7
DA:23,7
DA:24,7
DA:25,4
DA:27,7
DA:37,3
LF:11
LH:11
BRF:0
BRH:0
end_of_record
TN:
SF:D:\学习资料\typeScript\vue3-ts-components\lib\context.ts
FN:6,useVJSFContext
FNF:1
FNH:1
FNDA:9,useVJSFContext
DA:1,3
DA:4,3
DA:8,9
DA:11,0
DA:14,9
LF:5
LH:4
BRF:0
BRH:0
end_of_record
TN:
SF:D:\学习资料\typeScript\vue3-ts-components\lib\index.ts
FNF:0
FNH:0
DA:1,3
DA:2,3
DA:3,3
DA:4,3
DA:5,3
DA:6,3
DA:7,3
LF:7
LH:7
BRF:0
BRH:0
end_of_record
TN:
SF:D:\学习资料\typeScript\vue3-ts-components\lib\schemaItem.tsx
FN:14,(anonymous_0)
FN:16,(anonymous_1)
FN:20,(anonymous_2)
FNF:3
FNH:3
FNDA:17,(anonymous_0)
FNDA:20,(anonymous_1)
FNDA:23,(anonymous_2)
DA:1,3
DA:3,3
DA:5,3
DA:6,3
DA:7,3
DA:8,3
DA:10,3
DA:11,3
DA:15,17
DA:16,17
DA:17,20
DA:18,20
DA:20,17
DA:21,23
DA:22,23
DA:24,23
DA:28,9
DA:29,9
DA:32,8
DA:33,8
DA:36,3
DA:37,3
DA:40,3
DA:41,3
DA:44,0
DA:48,23
DA:51,3
LF:27
LH:26
BRF:0
BRH:0
end_of_record
TN:
SF:D:\学习资料\typeScript\vue3-ts-components\lib\theme.tsx
FN:22,(anonymous_0)
FN:24,(anonymous_1)
FN:29,(anonymous_2)
FN:34,getWidget
FN:44,(anonymous_4)
FNF:5
FNH:5
FNDA:3,(anonymous_0)
FNDA:3,(anonymous_1)
FNDA:3,(anonymous_2)
FNDA:3,getWidget
FNDA:3,(anonymous_4)
DA:1,3
DA:12,3
DA:14,3
DA:24,3
DA:27,3
DA:29,3
DA:38,3
DA:41,0
DA:44,3
DA:45,3
DA:48,3
DA:51,3
LF:12
LH:11
BRDA:29,0,0,3
BRDA:29,0,1,3
BRF:2
BRH:2
end_of_record
TN:
SF:D:\学习资料\typeScript\vue3-ts-components\lib\type.ts
FN:2,(anonymous_0)
FN:108,(anonymous_1)
FN:112,(anonymous_2)
FNF:3
FNH:3
FNDA:3,(anonymous_0)
FNDA:3,(anonymous_1)
FNDA:3,(anonymous_2)
DA:1,3
DA:2,3
DA:3,3
DA:4,3
DA:5,3
DA:6,3
DA:7,3
DA:8,3
DA:9,3
DA:49,3
DA:67,3
DA:68,3
DA:70,3
DA:75,3
DA:81,3
DA:83,3
DA:96,3
DA:97,3
DA:99,3
DA:102,3
DA:107,3
DA:108,3
DA:109,3
DA:110,3
DA:112,3
DA:113,3
DA:114,3
DA:115,3
LF:28
LH:28
BRDA:2,0,0,3
BRDA:2,0,1,3
BRDA:108,1,0,3
BRDA:108,1,1,3
BRDA:112,2,0,3
BRDA:112,2,1,3
BRF:6
BRH:6
end_of_record
TN:
SF:D:\学习资料\typeScript\vue3-ts-components\lib\utils.ts
FN:9,isObject
FN:13,isEmptyObject
FN:17,hasOwnProperty
FN:30,validateData
FN:40,resolveSchema
FN:49,(anonymous_5)
FN:59,retrieveSchema
FN:99,stubExistingAdditionalProperties
FN:110,(anonymous_8)
FN:151,resolveReference
FN:160,findSchemaDefinition
FN:179,resolveDependencies
FN:199,processDependencies
FN:241,withDependentProperties
FN:251,withDependentSchema
FN:272,(anonymous_15)
FN:286,withExactlyOneSubschema
FN:293,(anonymous_17)
FN:333,mergeSchemas
FN:335,(anonymous_19)
FN:367,getSchemaType
FN:384,(anonymous_21)
FN:416,guessType
FN:434,isConstant
FN:441,isSelect
FN:447,(anonymous_25)
FN:452,isMultiSelect
FN:460,getMatchingOption
FN:479,(anonymous_28)
FN:519,mergeDefaultsWithFormData
FN:524,(anonymous_30)
FN:532,(anonymous_31)
FN:544,getDefaultFormState
FNF:33
FNH:4
FNDA:29,isObject
FNDA:0,isEmptyObject
FNDA:60,hasOwnProperty
FNDA:0,validateData
FNDA:20,resolveSchema
FNDA:0,(anonymous_5)
FNDA:20,retrieveSchema
FNDA:0,stubExistingAdditionalProperties
FNDA:0,(anonymous_8)
FNDA:0,resolveReference
FNDA:0,findSchemaDefinition
FNDA:0,resolveDependencies
FNDA:0,processDependencies
FNDA:0,withDependentProperties
FNDA:0,withDependentSchema
FNDA:0,(anonymous_15)
FNDA:0,withExactlyOneSubschema
FNDA:0,(anonymous_17)
FNDA:0,mergeSchemas
FNDA:0,(anonymous_19)
FNDA:0,getSchemaType
FNDA:0,(anonymous_21)
FNDA:0,guessType
FNDA:0,isConstant
FNDA:0,isSelect
FNDA:0,(anonymous_25)
FNDA:0,isMultiSelect
FNDA:0,getMatchingOption
FNDA:0,(anonymous_28)
FNDA:0,mergeDefaultsWithFormData
FNDA:0,(anonymous_30)
FNDA:0,(anonymous_31)
FNDA:0,getDefaultFormState
DA:1,3
DA:5,3
DA:6,3
DA:7,3
DA:10,29
DA:14,0
DA:22,60
DA:29,3
DA:31,0
DA:32,0
DA:42,0
DA:44,0
DA:45,0
DA:47,0
DA:50,0
DA:55,20
DA:65,0
DA:67,20
DA:72,0
DA:78,0
DA:79,0
DA:80,0
DA:84,20
DA:88,0
DA:94,20
DA:97,3
DA:98,3
DA:105,0
DA:110,0
DA:113,0
DA:118,0
DA:124,0
DA:126,0
DA:130,0
DA:132,0
DA:135,0
DA:153,0
DA:155,0
DA:157,0
DA:161,0
DA:164,0
DA:166,0
DA:168,0
DA:170,0
DA:174,0
DA:176,0
DA:185,0
DA:187,0
DA:192,0
DA:197,0
DA:209,0
DA:216,0
DA:219,0
DA:221,0
DA:223,0
DA:231,0
DA:238,0
DA:243,0
DA:245,0
DA:248,0
DA:259,0
DA:264,0
DA:267,0
DA:269,0
DA:272,0
DA:273,0
DA:277,0
DA:293,0
DA:295,0
DA:297,0
DA:299,0
DA:306,0
DA:307,0
DA:311,0
DA:314,0
DA:317,0
DA:319,0
DA:320,0
DA:321,0
DA:334,0
DA:335,0
DA:336,0
DA:337,0
DA:339,0
DA:350,0
DA:352,0
DA:354,0
DA:368,0
DA:371,0
DA:375,0
DA:379,0
DA:382,0
DA:384,0
DA:387,0
DA:416,3
DA:418,0
DA:420,0
DA:422,0
DA:424,0
DA:426,0
DA:428,0
DA:431,0
DA:432,3
DA:435,0
DA:442,0
DA:443,0
DA:445,0
DA:447,0
DA:449,0
DA:454,0
DA:456,0
DA:465,0
DA:466,0
DA:478,0
DA:479,0
DA:489,0
DA:492,0
DA:495,0
DA:498,0
DA:500,0
DA:502,0
DA:507,0
DA:510,0
DA:513,0
DA:516,0
DA:522,0
DA:524,0
DA:526,0
DA:528,0
DA:531,0
DA:532,0
DA:533,0
DA:537,0
DA:540,0
DA:551,0
DA:554,0
DA:565,0
DA:568,0
DA:571,0
DA:573,0
LF:140
LH:15
BRDA:10,0,0,29
BRDA:10,0,1,29
BRDA:10,0,2,29
BRDA:14,1,0,0
BRDA:14,1,1,0
BRDA:40,2,0,0
BRDA:40,3,0,0
BRDA:46,4,0,20
BRDA:46,4,1,0
BRDA:61,5,0,0
BRDA:62,6,0,8
BRDA:84,7,0,20
BRDA:84,7,1,0
BRDA:101,8,0,0
BRDA:102,9,0,0
BRDA:160,10,0,0
BRDA:185,11,0,0
BRDA:213,12,0,0
BRDA:213,12,1,0
BRDA:246,13,0,0
BRDA:246,13,1,0
BRDA:274,14,0,0
BRDA:274,14,1,0
BRDA:307,15,0,0
BRDA:307,15,1,0
BRDA:336,16,0,0
BRDA:336,16,1,0
BRDA:338,17,0,0
BRDA:338,17,1,0
BRDA:338,17,2,0
BRDA:341,18,0,0
BRDA:341,18,1,0
BRDA:341,18,2,0
BRDA:341,18,3,0
BRDA:341,18,4,0
BRDA:341,18,5,0
BRDA:341,18,6,0
BRDA:370,19,0,0
BRDA:370,19,1,0
BRDA:374,20,0,0
BRDA:374,20,1,0
BRDA:378,21,0,0
BRDA:378,21,1,0
BRDA:378,21,2,0
BRDA:383,22,0,0
BRDA:383,22,1,0
BRDA:383,22,2,0
BRDA:436,23,0,0
BRDA:436,23,1,0
BRDA:436,23,2,0
BRDA:441,24,0,0
BRDA:443,25,0,0
BRDA:443,25,1,0
BRDA:452,26,0,0
BRDA:453,27,0,0
BRDA:453,27,1,0
BRDA:534,28,0,0
BRDA:534,28,1,0
BRDA:567,29,0,0
BRDA:567,29,1,0
BRDA:570,30,0,0
BRDA:570,30,1,0
BRDA:570,30,2,0
BRDA:573,31,0,0
BRDA:573,31,1,0
BRF:65
BRH:6
end_of_record
TN:
SF:D:\学习资料\typeScript\vue3-ts-components\lib\fields\ArrayField.tsx
FN:53,(anonymous_0)
FN:56,(anonymous_1)
FN:57,(anonymous_2)
FN:58,(anonymous_3)
FN:59,(anonymous_4)
FN:61,(anonymous_5)
FN:105,(anonymous_6)
FN:106,(anonymous_7)
FN:112,(anonymous_8)
FN:120,(anonymous_9)
FN:129,(anonymous_10)
FN:140,(anonymous_11)
FN:153,(anonymous_12)
FN:166,(anonymous_13)
FN:172,(anonymous_14)
FN:176,(anonymous_15)
FN:185,(anonymous_16)
FN:192,(anonymous_17)
FN:201,(anonymous_18)
FNF:19
FNH:8
FNDA:2,(anonymous_0)
FNDA:0,(anonymous_1)
FNDA:0,(anonymous_2)
FNDA:0,(anonymous_3)
FNDA:0,(anonymous_4)
FNDA:2,(anonymous_5)
FNDA:3,(anonymous_6)
FNDA:0,(anonymous_7)
FNDA:0,(anonymous_8)
FNDA:0,(anonymous_9)
FNDA:0,(anonymous_10)
FNDA:0,(anonymous_11)
FNDA:3,(anonymous_12)
FNDA:2,(anonymous_13)
FNDA:0,(anonymous_14)
FNDA:2,(anonymous_15)
FNDA:2,(anonymous_16)
FNDA:0,(anonymous_17)
FNDA:3,(anonymous_18)
DA:1,3
DA:2,3
DA:3,3
DA:4,3
DA:5,3
DA:10,3
DA:29,3
DA:54,2
DA:56,2
DA:57,2
DA:58,2
DA:59,2
DA:61,2
DA:62,2
DA:63,2
DA:102,3
DA:106,3
DA:107,0
DA:108,0
DA:109,0
DA:112,3
DA:113,0
DA:114,0
DA:116,0
DA:117,0
DA:120,3
DA:121,0
DA:122,0
DA:124,0
DA:126,0
DA:129,3
DA:130,0
DA:131,0
DA:132,0
DA:134,0
DA:135,0
DA:137,0
DA:140,3
DA:141,0
DA:142,0
DA:144,0
DA:146,0
DA:147,0
DA:149,0
DA:152,3
DA:153,3
DA:154,3
DA:155,3
DA:156,3
DA:157,3
DA:159,3
DA:161,3
DA:162,3
DA:165,1
DA:166,2
DA:172,0
DA:176,1
DA:177,2
DA:185,2
DA:193,0
DA:200,1
DA:201,3
DA:205,1
DA:215,3
LF:64
LH:39
BRDA:79,0,0,2
BRDA:79,0,1,2
BRDA:107,1,0,0
BRDA:107,1,1,0
BRDA:114,2,0,0
BRDA:114,2,1,0
BRDA:122,3,0,0
BRDA:122,3,1,0
BRDA:130,4,0,0
BRDA:130,4,1,0
BRDA:132,5,0,0
BRDA:132,5,1,0
BRDA:142,6,0,0
BRDA:142,6,1,0
BRDA:144,7,0,0
BRDA:144,7,1,0
BRDA:161,8,0,3
BRDA:161,8,1,3
BRDA:162,9,0,3
BRDA:162,9,1,0
BRF:20
BRH:5
end_of_record
TN:
SF:D:\学习资料\typeScript\vue3-ts-components\lib\fields\NumberField.tsx
FN:6,(anonymous_0)
FN:8,(anonymous_1)
FN:17,(anonymous_2)
FNF:3
FNH:3
FNDA:5,(anonymous_0)
FNDA:1,(anonymous_1)
FNDA:8,(anonymous_2)
DA:1,3
DA:2,3
DA:3,3
DA:7,5
DA:8,5
DA:9,1
DA:12,0
DA:14,1
DA:17,5
DA:18,8
DA:19,8
DA:22,3
LF:12
LH:11
BRF:0
BRH:0
end_of_record
TN:
SF:D:\学习资料\typeScript\vue3-ts-components\lib\fields\ObjectField.tsx
FN:9,(anonymous_0)
FN:10,(anonymous_1)
FN:17,(anonymous_2)
FN:30,(anonymous_3)
FN:37,(anonymous_4)
FNF:5
FNH:5
FNDA:3,(anonymous_0)
FNDA:6,(anonymous_1)
FNDA:3,(anonymous_2)
FNDA:12,(anonymous_3)
FNDA:3,(anonymous_4)
DA:1,3
DA:2,3
DA:3,3
DA:4,3
DA:6,3
DA:10,3
DA:11,6
DA:12,6
DA:13,6
DA:14,6
DA:15,6
DA:17,6
DA:18,3
DA:22,1
DA:24,2
DA:27,3
DA:30,6
DA:31,12
DA:37,3
DA:43,3
LF:20
LH:20
BRDA:14,0,0,6
BRDA:14,0,1,0
BRDA:15,1,0,6
BRDA:15,1,1,0
BRDA:18,2,0,3
BRDA:18,2,1,0
BRF:6
BRH:3
end_of_record
TN:
SF:D:\学习资料\typeScript\vue3-ts-components\lib\fields\StringField.tsx
FN:6,(anonymous_0)
FN:7,(anonymous_1)
FN:11,(anonymous_2)
FNF:3
FNH:2
FNDA:6,(anonymous_0)
FNDA:0,(anonymous_1)
FNDA:9,(anonymous_2)
DA:1,3
DA:2,3
DA:3,3
DA:7,6
DA:8,0
DA:9,0
DA:11,6
DA:12,9
DA:13,9
DA:16,3
LF:10
LH:8
BRF:0
BRH:0
end_of_record
TN:
SF:D:\学习资料\typeScript\vue3-ts-components\lib\theme-default\Selections.tsx
FN:6,(anonymous_0)
FN:9,(anonymous_1)
FN:16,(anonymous_2)
FN:17,(anonymous_3)
FN:23,(anonymous_4)
FN:26,(anonymous_5)
FN:27,(anonymous_6)
FNF:7
FNH:4
FNDA:1,(anonymous_0)
FNDA:0,(anonymous_1)
FNDA:1,(anonymous_2)
FNDA:0,(anonymous_3)
FNDA:1,(anonymous_4)
FNDA:0,(anonymous_5)
FNDA:3,(anonymous_6)
DA:1,1
DA:2,1
DA:3,1
DA:8,1
DA:9,1
DA:11,0
DA:15,1
DA:16,1
DA:19,0
DA:23,1
DA:24,1
DA:25,1
DA:26,0
DA:27,3
DA:34,1
LF:15
LH:12
BRF:0
BRH:0
end_of_record
TN:
SF:D:\学习资料\typeScript\vue3-ts-components\lib\theme-default\index.tsx
FN:8,(anonymous_0)
FN:9,(anonymous_1)
FNF:2
FNH:0
FNDA:0,(anonymous_0)
FNDA:0,(anonymous_1)
DA:1,1
DA:2,1
DA:3,1
DA:5,1
DA:9,0
DA:13,1
DA:19,1
LF:7
LH:6
BRF:0
BRH:0
end_of_record
TN:
SF:D:\学习资料\typeScript\vue3-ts-components\lib\widgets\Selections.tsx
FN:22,(anonymous_0)
FN:25,(anonymous_1)
FN:32,(anonymous_2)
FN:33,(anonymous_3)
FN:39,(anonymous_4)
FN:42,(anonymous_5)
FN:43,(anonymous_6)
FNF:7
FNH:0
FNDA:0,(anonymous_0)
FNDA:0,(anonymous_1)
FNDA:0,(anonymous_2)
FNDA:0,(anonymous_3)
FNDA:0,(anonymous_4)
FNDA:0,(anonymous_5)
FNDA:0,(anonymous_6)
DA:1,3
DA:2,3
DA:24,0
DA:25,0
DA:27,0
DA:31,0
DA:32,0
DA:35,0
DA:39,0
DA:40,0
DA:41,0
DA:42,0
DA:43,0
DA:50,3
LF:14
LH:3
BRF:0
BRH:0
end_of_record
TN:
SF:D:\学习资料\typeScript\vue3-ts-components\tests\unit\utils\TestComponent.tsx
FN:10,(anonymous_0)
FN:11,(anonymous_1)
FN:12,(anonymous_2)
FN:34,(anonymous_3)
FN:35,(anonymous_4)
FNF:5
FNH:5
FNDA:3,(anonymous_0)
FNDA:3,(anonymous_1)
FNDA:3,(anonymous_2)
FNDA:3,(anonymous_3)
FNDA:6,(anonymous_4)
DA:1,1
DA:2,1
DA:3,1
DA:9,1
DA:11,3
DA:12,3
DA:17,1
DA:19,1
DA:35,6
DA:41,1
LF:10
LH:10
BRDA:13,0,0,3
BRDA:13,0,1,3
BRF:2
BRH:2
end_of_record
